{"D:\\gloom\\StyleAI\\app\\+html.tsx": {"path":"D:\\gloom\\StyleAI\\app\\+html.tsx","statementMap":{"0":{"start":{"line":8,"column":2},"end":{"line":27,"column":4}},"1":{"start":{"line":30,"column":29},"end":{"line":38,"column":2}}},"fnMap":{"0":{"name":"Root","decl":{"start":{"line":7,"column":24},"end":{"line":7,"column":28}},"loc":{"start":{"line":7,"column":74},"end":{"line":28,"column":1}},"line":7}},"branchMap":{},"s":{"0":0,"1":0},"f":{"0":0},"b":{}}
,"D:\\gloom\\StyleAI\\app\\+not-found.tsx": {"path":"D:\\gloom\\StyleAI\\app\\+not-found.tsx","statementMap":{"0":{"start":{"line":7,"column":2},"end":{"line":18,"column":4}},"1":{"start":{"line":21,"column":15},"end":{"line":40,"column":2}}},"fnMap":{"0":{"name":"NotFoundScreen","decl":{"start":{"line":6,"column":24},"end":{"line":6,"column":38}},"loc":{"start":{"line":6,"column":41},"end":{"line":19,"column":1}},"line":6}},"branchMap":{},"s":{"0":0,"1":0},"f":{"0":0},"b":{}}
,"D:\\gloom\\StyleAI\\app\\_layout.tsx": {"path":"D:\\gloom\\StyleAI\\app\\_layout.tsx","statementMap":{"0":{"start":{"line":12,"column":0},"end":{"line":14,"column":73}},"1":{"start":{"line":12,"column":27},"end":{"line":14,"column":67}},"2":{"start":{"line":12,"column":33},"end":{"line":14,"column":29}},"3":{"start":{"line":14,"column":2},"end":{"line":14,"column":27}},"4":{"start":{"line":17,"column":0},"end":{"line":17,"column":36}},"5":{"start":{"line":20,"column":20},"end":{"line":27,"column":2}},"6":{"start":{"line":33,"column":33},"end":{"line":35,"column":1}},"7":{"start":{"line":39,"column":17},"end":{"line":39,"column":28}},"8":{"start":{"line":40,"column":19},"end":{"line":40,"column":43}},"9":{"start":{"line":41,"column":63},"end":{"line":41,"column":77}},"10":{"start":{"line":42,"column":32},"end":{"line":42,"column":47}},"11":{"start":{"line":43,"column":40},"end":{"line":43,"column":55}},"12":{"start":{"line":45,"column":2},"end":{"line":49,"column":22}},"13":{"start":{"line":46,"column":4},"end":{"line":48,"column":5}},"14":{"start":{"line":47,"column":6},"end":{"line":47,"column":23}},"15":{"start":{"line":51,"column":2},"end":{"line":81,"column":40}},"16":{"start":{"line":53,"column":39},"end":{"line":78,"column":6}},"17":{"start":{"line":54,"column":6},"end":{"line":54,"column":48}},"18":{"start":{"line":56,"column":6},"end":{"line":74,"column":7}},"19":{"start":{"line":57,"column":8},"end":{"line":71,"column":9}},"20":{"start":{"line":59,"column":36},"end":{"line":63,"column":21}},"21":{"start":{"line":65,"column":10},"end":{"line":67,"column":11}},"22":{"start":{"line":66,"column":12},"end":{"line":66,"column":29}},"23":{"start":{"line":69,"column":10},"end":{"line":69,"column":63}},"24":{"start":{"line":70,"column":10},"end":{"line":70,"column":24}},"25":{"start":{"line":73,"column":8},"end":{"line":73,"column":22}},"26":{"start":{"line":77,"column":6},"end":{"line":77,"column":27}},"27":{"start":{"line":80,"column":4},"end":{"line":80,"column":44}},"28":{"start":{"line":80,"column":17},"end":{"line":80,"column":43}},"29":{"start":{"line":84,"column":2},"end":{"line":88,"column":32}},"30":{"start":{"line":85,"column":4},"end":{"line":87,"column":5}},"31":{"start":{"line":86,"column":6},"end":{"line":86,"column":24}},"32":{"start":{"line":90,"column":2},"end":{"line":100,"column":41}},"33":{"start":{"line":91,"column":4},"end":{"line":91,"column":38}},"34":{"start":{"line":91,"column":31},"end":{"line":91,"column":38}},"35":{"start":{"line":93,"column":4},"end":{"line":99,"column":5}},"36":{"start":{"line":95,"column":6},"end":{"line":95,"column":45}},"37":{"start":{"line":96,"column":11},"end":{"line":99,"column":5}},"38":{"start":{"line":98,"column":6},"end":{"line":98,"column":50}},"39":{"start":{"line":102,"column":2},"end":{"line":102,"column":25}},"40":{"start":{"line":106,"column":26},"end":{"line":108,"column":4}},"41":{"start":{"line":110,"column":2},"end":{"line":112,"column":14}},"42":{"start":{"line":111,"column":4},"end":{"line":111,"column":27}},"43":{"start":{"line":111,"column":15},"end":{"line":111,"column":27}},"44":{"start":{"line":114,"column":2},"end":{"line":118,"column":15}},"45":{"start":{"line":115,"column":4},"end":{"line":117,"column":5}},"46":{"start":{"line":116,"column":6},"end":{"line":116,"column":31}},"47":{"start":{"line":120,"column":2},"end":{"line":122,"column":3}},"48":{"start":{"line":121,"column":4},"end":{"line":121,"column":16}},"49":{"start":{"line":124,"column":2},"end":{"line":128,"column":4}},"50":{"start":{"line":132,"column":22},"end":{"line":132,"column":38}},"51":{"start":{"line":133,"column":24},"end":{"line":133,"column":38}},"52":{"start":{"line":135,"column":2},"end":{"line":137,"column":3}},"53":{"start":{"line":136,"column":4},"end":{"line":136,"column":16}},"54":{"start":{"line":139,"column":2},"end":{"line":150,"column":4}}},"fnMap":{"0":{"name":"loadGlobalCss","decl":{"start":{"line":12,"column":10},"end":{"line":12,"column":23}},"loc":{"start":{"line":12,"column":25},"end":{"line":14,"column":69}},"line":12},"1":{"name":"AuthGate","decl":{"start":{"line":38,"column":9},"end":{"line":38,"column":17}},"loc":{"start":{"line":38,"column":63},"end":{"line":103,"column":1}},"line":38},"2":{"name":"(anonymous_2)","decl":{"start":{"line":45,"column":12},"end":{"line":45,"column":13}},"loc":{"start":{"line":45,"column":18},"end":{"line":49,"column":3}},"line":45},"3":{"name":"(anonymous_3)","decl":{"start":{"line":51,"column":12},"end":{"line":51,"column":13}},"loc":{"start":{"line":51,"column":18},"end":{"line":81,"column":3}},"line":51},"4":{"name":"(anonymous_4)","decl":{"start":{"line":53,"column":71},"end":{"line":53,"column":72}},"loc":{"start":{"line":53,"column":98},"end":{"line":78,"column":5}},"line":53},"5":{"name":"(anonymous_5)","decl":{"start":{"line":80,"column":11},"end":{"line":80,"column":12}},"loc":{"start":{"line":80,"column":17},"end":{"line":80,"column":43}},"line":80},"6":{"name":"(anonymous_6)","decl":{"start":{"line":84,"column":12},"end":{"line":84,"column":13}},"loc":{"start":{"line":84,"column":18},"end":{"line":88,"column":3}},"line":84},"7":{"name":"(anonymous_7)","decl":{"start":{"line":90,"column":12},"end":{"line":90,"column":13}},"loc":{"start":{"line":90,"column":18},"end":{"line":100,"column":3}},"line":90},"8":{"name":"RootLayout","decl":{"start":{"line":105,"column":24},"end":{"line":105,"column":34}},"loc":{"start":{"line":105,"column":37},"end":{"line":129,"column":1}},"line":105},"9":{"name":"(anonymous_9)","decl":{"start":{"line":110,"column":12},"end":{"line":110,"column":13}},"loc":{"start":{"line":110,"column":18},"end":{"line":112,"column":3}},"line":110},"10":{"name":"(anonymous_10)","decl":{"start":{"line":114,"column":12},"end":{"line":114,"column":13}},"loc":{"start":{"line":114,"column":18},"end":{"line":118,"column":3}},"line":114},"11":{"name":"RootLayoutNav","decl":{"start":{"line":131,"column":9},"end":{"line":131,"column":22}},"loc":{"start":{"line":131,"column":25},"end":{"line":151,"column":1}},"line":131}},"branchMap":{"0":{"loc":{"start":{"line":12,"column":33},"end":{"line":14,"column":29}},"type":"if","locations":[{"start":{"line":12,"column":33},"end":{"line":14,"column":29}},{"start":{},"end":{}}],"line":12},"1":{"loc":{"start":{"line":46,"column":4},"end":{"line":48,"column":5}},"type":"if","locations":[{"start":{"line":46,"column":4},"end":{"line":48,"column":5}},{"start":{},"end":{}}],"line":46},"2":{"loc":{"start":{"line":54,"column":17},"end":{"line":54,"column":46}},"type":"binary-expr","locations":[{"start":{"line":54,"column":17},"end":{"line":54,"column":38}},{"start":{"line":54,"column":42},"end":{"line":54,"column":46}}],"line":54},"3":{"loc":{"start":{"line":56,"column":6},"end":{"line":74,"column":7}},"type":"if","locations":[{"start":{"line":56,"column":6},"end":{"line":74,"column":7}},{"start":{"line":72,"column":13},"end":{"line":74,"column":7}}],"line":56},"4":{"loc":{"start":{"line":65,"column":10},"end":{"line":67,"column":11}},"type":"if","locations":[{"start":{"line":65,"column":10},"end":{"line":67,"column":11}},{"start":{},"end":{}}],"line":65},"5":{"loc":{"start":{"line":85,"column":4},"end":{"line":87,"column":5}},"type":"if","locations":[{"start":{"line":85,"column":4},"end":{"line":87,"column":5}},{"start":{},"end":{}}],"line":85},"6":{"loc":{"start":{"line":91,"column":4},"end":{"line":91,"column":38}},"type":"if","locations":[{"start":{"line":91,"column":4},"end":{"line":91,"column":38}},{"start":{},"end":{}}],"line":91},"7":{"loc":{"start":{"line":91,"column":8},"end":{"line":91,"column":29}},"type":"binary-expr","locations":[{"start":{"line":91,"column":8},"end":{"line":91,"column":17}},{"start":{"line":91,"column":21},"end":{"line":91,"column":29}}],"line":91},"8":{"loc":{"start":{"line":93,"column":4},"end":{"line":99,"column":5}},"type":"if","locations":[{"start":{"line":93,"column":4},"end":{"line":99,"column":5}},{"start":{"line":96,"column":11},"end":{"line":99,"column":5}}],"line":93},"9":{"loc":{"start":{"line":96,"column":11},"end":{"line":99,"column":5}},"type":"if","locations":[{"start":{"line":96,"column":11},"end":{"line":99,"column":5}},{"start":{},"end":{}}],"line":96},"10":{"loc":{"start":{"line":96,"column":15},"end":{"line":96,"column":33}},"type":"binary-expr","locations":[{"start":{"line":96,"column":15},"end":{"line":96,"column":19}},{"start":{"line":96,"column":23},"end":{"line":96,"column":33}}],"line":96},"11":{"loc":{"start":{"line":111,"column":4},"end":{"line":111,"column":27}},"type":"if","locations":[{"start":{"line":111,"column":4},"end":{"line":111,"column":27}},{"start":{},"end":{}}],"line":111},"12":{"loc":{"start":{"line":115,"column":4},"end":{"line":117,"column":5}},"type":"if","locations":[{"start":{"line":115,"column":4},"end":{"line":117,"column":5}},{"start":{},"end":{}}],"line":115},"13":{"loc":{"start":{"line":120,"column":2},"end":{"line":122,"column":3}},"type":"if","locations":[{"start":{"line":120,"column":2},"end":{"line":122,"column":3}},{"start":{},"end":{}}],"line":120},"14":{"loc":{"start":{"line":135,"column":2},"end":{"line":137,"column":3}},"type":"if","locations":[{"start":{"line":135,"column":2},"end":{"line":137,"column":3}},{"start":{},"end":{}}],"line":135},"15":{"loc":{"start":{"line":140,"column":26},"end":{"line":140,"column":75}},"type":"cond-expr","locations":[{"start":{"line":140,"column":51},"end":{"line":140,"column":60}},{"start":{"line":140,"column":63},"end":{"line":140,"column":75}}],"line":140}},"s":{"0":0,"1":0,"2":0,"3":0,"4":0,"5":0,"6":0,"7":0,"8":0,"9":0,"10":0,"11":0,"12":0,"13":0,"14":0,"15":0,"16":0,"17":0,"18":0,"19":0,"20":0,"21":0,"22":0,"23":0,"24":0,"25":0,"26":0,"27":0,"28":0,"29":0,"30":0,"31":0,"32":0,"33":0,"34":0,"35":0,"36":0,"37":0,"38":0,"39":0,"40":0,"41":0,"42":0,"43":0,"44":0,"45":0,"46":0,"47":0,"48":0,"49":0,"50":0,"51":0,"52":0,"53":0,"54":0},"f":{"0":0,"1":0,"2":0,"3":0,"4":0,"5":0,"6":0,"7":0,"8":0,"9":0,"10":0,"11":0},"b":{"0":[0,0],"1":[0,0],"2":[0,0],"3":[0,0],"4":[0,0],"5":[0,0],"6":[0,0],"7":[0,0],"8":[0,0],"9":[0,0],"10":[0,0],"11":[0,0],"12":[0,0],"13":[0,0],"14":[0,0],"15":[0,0]}}
,"D:\\gloom\\StyleAI\\app\\modal.tsx": {"path":"D:\\gloom\\StyleAI\\app\\modal.tsx","statementMap":{"0":{"start":{"line":8,"column":2},"end":{"line":17,"column":4}},"1":{"start":{"line":20,"column":15},"end":{"line":35,"column":2}}},"fnMap":{"0":{"name":"ModalScreen","decl":{"start":{"line":7,"column":24},"end":{"line":7,"column":35}},"loc":{"start":{"line":7,"column":38},"end":{"line":18,"column":1}},"line":7}},"branchMap":{"0":{"loc":{"start":{"line":15,"column":24},"end":{"line":15,"column":64}},"type":"cond-expr","locations":[{"start":{"line":15,"column":48},"end":{"line":15,"column":55}},{"start":{"line":15,"column":58},"end":{"line":15,"column":64}}],"line":15}},"s":{"0":0,"1":0},"f":{"0":0},"b":{"0":[0,0]}}
,"D:\\gloom\\StyleAI\\app\\onboarding.tsx": {"path":"D:\\gloom\\StyleAI\\app\\onboarding.tsx","statementMap":{"0":{"start":{"line":4,"column":2},"end":{"line":12,"column":4}},"1":{"start":{"line":15,"column":15},"end":{"line":38,"column":2}}},"fnMap":{"0":{"name":"OnboardingScreen","decl":{"start":{"line":3,"column":24},"end":{"line":3,"column":40}},"loc":{"start":{"line":3,"column":43},"end":{"line":13,"column":1}},"line":3}},"branchMap":{},"s":{"0":0,"1":0},"f":{"0":0},"b":{}}
,"D:\\gloom\\StyleAI\\app\\(auth)\\login.tsx": {"path":"D:\\gloom\\StyleAI\\app\\(auth)\\login.tsx","statementMap":{"0":{"start":{"line":18,"column":17},"end":{"line":18,"column":28}},"1":{"start":{"line":19,"column":17},"end":{"line":19,"column":36}},"2":{"start":{"line":20,"column":34},"end":{"line":20,"column":48}},"3":{"start":{"line":22,"column":28},"end":{"line":22,"column":40}},"4":{"start":{"line":23,"column":32},"end":{"line":23,"column":47}},"5":{"start":{"line":24,"column":24},"end":{"line":24,"column":36}},"6":{"start":{"line":25,"column":32},"end":{"line":25,"column":47}},"7":{"start":{"line":26,"column":38},"end":{"line":26,"column":53}},"8":{"start":{"line":27,"column":28},"end":{"line":27,"column":57}},"9":{"start":{"line":30,"column":23},"end":{"line":33,"column":3}},"10":{"start":{"line":31,"column":20},"end":{"line":31,"column":44}},"11":{"start":{"line":32,"column":4},"end":{"line":32,"column":33}},"12":{"start":{"line":36,"column":29},"end":{"line":56,"column":3}},"13":{"start":{"line":37,"column":4},"end":{"line":37,"column":21}},"14":{"start":{"line":38,"column":4},"end":{"line":38,"column":19}},"15":{"start":{"line":40,"column":4},"end":{"line":55,"column":5}},"16":{"start":{"line":41,"column":24},"end":{"line":46,"column":8}},"17":{"start":{"line":48,"column":6},"end":{"line":50,"column":7}},"18":{"start":{"line":49,"column":8},"end":{"line":49,"column":32}},"19":{"start":{"line":52,"column":6},"end":{"line":52,"column":48}},"20":{"start":{"line":54,"column":6},"end":{"line":54,"column":24}},"21":{"start":{"line":59,"column":24},"end":{"line":86,"column":3}},"22":{"start":{"line":60,"column":4},"end":{"line":63,"column":5}},"23":{"start":{"line":61,"column":6},"end":{"line":61,"column":61}},"24":{"start":{"line":62,"column":6},"end":{"line":62,"column":13}},"25":{"start":{"line":65,"column":4},"end":{"line":65,"column":24}},"26":{"start":{"line":66,"column":4},"end":{"line":66,"column":19}},"27":{"start":{"line":68,"column":4},"end":{"line":85,"column":5}},"28":{"start":{"line":70,"column":29},"end":{"line":70,"column":61}},"29":{"start":{"line":72,"column":24},"end":{"line":74,"column":8}},"30":{"start":{"line":76,"column":6},"end":{"line":80,"column":7}},"31":{"start":{"line":77,"column":8},"end":{"line":77,"column":32}},"32":{"start":{"line":79,"column":8},"end":{"line":79,"column":25}},"33":{"start":{"line":82,"column":6},"end":{"line":82,"column":56}},"34":{"start":{"line":84,"column":6},"end":{"line":84,"column":27}},"35":{"start":{"line":89,"column":26},"end":{"line":131,"column":3}},"36":{"start":{"line":90,"column":4},"end":{"line":93,"column":5}},"37":{"start":{"line":91,"column":6},"end":{"line":91,"column":47}},"38":{"start":{"line":92,"column":6},"end":{"line":92,"column":13}},"39":{"start":{"line":95,"column":4},"end":{"line":95,"column":21}},"40":{"start":{"line":96,"column":4},"end":{"line":96,"column":19}},"41":{"start":{"line":98,"column":4},"end":{"line":130,"column":5}},"42":{"start":{"line":99,"column":29},"end":{"line":99,"column":61}},"43":{"start":{"line":101,"column":30},"end":{"line":105,"column":8}},"44":{"start":{"line":107,"column":6},"end":{"line":125,"column":7}},"45":{"start":{"line":108,"column":8},"end":{"line":108,"column":32}},"46":{"start":{"line":109,"column":13},"end":{"line":125,"column":7}},"47":{"start":{"line":110,"column":8},"end":{"line":110,"column":46}},"48":{"start":{"line":113,"column":34},"end":{"line":117,"column":19}},"49":{"start":{"line":119,"column":8},"end":{"line":124,"column":9}},"50":{"start":{"line":120,"column":10},"end":{"line":120,"column":27}},"51":{"start":{"line":121,"column":10},"end":{"line":121,"column":36}},"52":{"start":{"line":123,"column":10},"end":{"line":123,"column":40}},"53":{"start":{"line":127,"column":6},"end":{"line":127,"column":58}},"54":{"start":{"line":129,"column":6},"end":{"line":129,"column":24}},"55":{"start":{"line":133,"column":2},"end":{"line":268,"column":4}},"56":{"start":{"line":150,"column":45},"end":{"line":150,"column":59}},"57":{"start":{"line":228,"column":40},"end":{"line":228,"column":83}},"58":{"start":{"line":252,"column":18},"end":{"line":252,"column":36}},"59":{"start":{"line":253,"column":18},"end":{"line":253,"column":29}},"60":{"start":{"line":271,"column":15},"end":{"line":435,"column":2}}},"fnMap":{"0":{"name":"LoginScreen","decl":{"start":{"line":17,"column":24},"end":{"line":17,"column":35}},"loc":{"start":{"line":17,"column":38},"end":{"line":269,"column":1}},"line":17},"1":{"name":"(anonymous_1)","decl":{"start":{"line":30,"column":23},"end":{"line":30,"column":24}},"loc":{"start":{"line":30,"column":42},"end":{"line":33,"column":3}},"line":30},"2":{"name":"(anonymous_2)","decl":{"start":{"line":36,"column":29},"end":{"line":36,"column":30}},"loc":{"start":{"line":36,"column":41},"end":{"line":56,"column":3}},"line":36},"3":{"name":"(anonymous_3)","decl":{"start":{"line":59,"column":24},"end":{"line":59,"column":25}},"loc":{"start":{"line":59,"column":36},"end":{"line":86,"column":3}},"line":59},"4":{"name":"(anonymous_4)","decl":{"start":{"line":89,"column":26},"end":{"line":89,"column":27}},"loc":{"start":{"line":89,"column":38},"end":{"line":131,"column":3}},"line":89},"5":{"name":"(anonymous_5)","decl":{"start":{"line":150,"column":39},"end":{"line":150,"column":40}},"loc":{"start":{"line":150,"column":45},"end":{"line":150,"column":59}},"line":150},"6":{"name":"(anonymous_6)","decl":{"start":{"line":228,"column":30},"end":{"line":228,"column":31}},"loc":{"start":{"line":228,"column":40},"end":{"line":228,"column":83}},"line":228},"7":{"name":"(anonymous_7)","decl":{"start":{"line":251,"column":25},"end":{"line":251,"column":26}},"loc":{"start":{"line":251,"column":31},"end":{"line":254,"column":17}},"line":251}},"branchMap":{"0":{"loc":{"start":{"line":48,"column":6},"end":{"line":50,"column":7}},"type":"if","locations":[{"start":{"line":48,"column":6},"end":{"line":50,"column":7}},{"start":{},"end":{}}],"line":48},"1":{"loc":{"start":{"line":60,"column":4},"end":{"line":63,"column":5}},"type":"if","locations":[{"start":{"line":60,"column":4},"end":{"line":63,"column":5}},{"start":{},"end":{}}],"line":60},"2":{"loc":{"start":{"line":76,"column":6},"end":{"line":80,"column":7}},"type":"if","locations":[{"start":{"line":76,"column":6},"end":{"line":80,"column":7}},{"start":{"line":78,"column":13},"end":{"line":80,"column":7}}],"line":76},"3":{"loc":{"start":{"line":90,"column":4},"end":{"line":93,"column":5}},"type":"if","locations":[{"start":{"line":90,"column":4},"end":{"line":93,"column":5}},{"start":{},"end":{}}],"line":90},"4":{"loc":{"start":{"line":107,"column":6},"end":{"line":125,"column":7}},"type":"if","locations":[{"start":{"line":107,"column":6},"end":{"line":125,"column":7}},{"start":{"line":109,"column":13},"end":{"line":125,"column":7}}],"line":107},"5":{"loc":{"start":{"line":109,"column":13},"end":{"line":125,"column":7}},"type":"if","locations":[{"start":{"line":109,"column":13},"end":{"line":125,"column":7}},{"start":{},"end":{}}],"line":109},"6":{"loc":{"start":{"line":119,"column":8},"end":{"line":124,"column":9}},"type":"if","locations":[{"start":{"line":119,"column":8},"end":{"line":124,"column":9}},{"start":{"line":122,"column":15},"end":{"line":124,"column":9}}],"line":119},"7":{"loc":{"start":{"line":136,"column":16},"end":{"line":136,"column":60}},"type":"cond-expr","locations":[{"start":{"line":136,"column":40},"end":{"line":136,"column":49}},{"start":{"line":136,"column":52},"end":{"line":136,"column":60}}],"line":136},"8":{"loc":{"start":{"line":147,"column":9},"end":{"line":154,"column":9}},"type":"binary-expr","locations":[{"start":{"line":147,"column":9},"end":{"line":147,"column":14}},{"start":{"line":148,"column":10},"end":{"line":153,"column":17}}],"line":147},"9":{"loc":{"start":{"line":156,"column":9},"end":{"line":260,"column":9}},"type":"cond-expr","locations":[{"start":{"line":157,"column":10},"end":{"line":213,"column":13}},{"start":{"line":215,"column":10},"end":{"line":259,"column":13}}],"line":156},"10":{"loc":{"start":{"line":178,"column":18},"end":{"line":178,"column":79}},"type":"binary-expr","locations":[{"start":{"line":178,"column":19},"end":{"line":178,"column":39}},{"start":{"line":178,"column":43},"end":{"line":178,"column":53}},{"start":{"line":178,"column":58},"end":{"line":178,"column":79}}],"line":178},"11":{"loc":{"start":{"line":181,"column":26},"end":{"line":181,"column":60}},"type":"binary-expr","locations":[{"start":{"line":181,"column":26},"end":{"line":181,"column":46}},{"start":{"line":181,"column":50},"end":{"line":181,"column":60}}],"line":181},"12":{"loc":{"start":{"line":183,"column":17},"end":{"line":187,"column":17}},"type":"cond-expr","locations":[{"start":{"line":184,"column":18},"end":{"line":184,"column":55}},{"start":{"line":186,"column":18},"end":{"line":186,"column":72}}],"line":183},"13":{"loc":{"start":{"line":200,"column":46},"end":{"line":200,"column":78}},"type":"binary-expr","locations":[{"start":{"line":200,"column":46},"end":{"line":200,"column":53}},{"start":{"line":200,"column":57},"end":{"line":200,"column":78}}],"line":200},"14":{"loc":{"start":{"line":204,"column":15},"end":{"line":211,"column":15}},"type":"cond-expr","locations":[{"start":{"line":205,"column":16},"end":{"line":205,"column":53}},{"start":{"line":207,"column":16},"end":{"line":210,"column":19}}],"line":204},"15":{"loc":{"start":{"line":237,"column":18},"end":{"line":237,"column":72}},"type":"binary-expr","locations":[{"start":{"line":237,"column":19},"end":{"line":237,"column":35}},{"start":{"line":237,"column":39},"end":{"line":237,"column":46}},{"start":{"line":237,"column":51},"end":{"line":237,"column":72}}],"line":237},"16":{"loc":{"start":{"line":240,"column":26},"end":{"line":240,"column":53}},"type":"binary-expr","locations":[{"start":{"line":240,"column":26},"end":{"line":240,"column":42}},{"start":{"line":240,"column":46},"end":{"line":240,"column":53}}],"line":240},"17":{"loc":{"start":{"line":242,"column":17},"end":{"line":246,"column":17}},"type":"cond-expr","locations":[{"start":{"line":243,"column":18},"end":{"line":243,"column":55}},{"start":{"line":245,"column":18},"end":{"line":245,"column":81}}],"line":242}},"s":{"0":0,"1":0,"2":0,"3":0,"4":0,"5":0,"6":0,"7":0,"8":0,"9":0,"10":0,"11":0,"12":0,"13":0,"14":0,"15":0,"16":0,"17":0,"18":0,"19":0,"20":0,"21":0,"22":0,"23":0,"24":0,"25":0,"26":0,"27":0,"28":0,"29":0,"30":0,"31":0,"32":0,"33":0,"34":0,"35":0,"36":0,"37":0,"38":0,"39":0,"40":0,"41":0,"42":0,"43":0,"44":0,"45":0,"46":0,"47":0,"48":0,"49":0,"50":0,"51":0,"52":0,"53":0,"54":0,"55":0,"56":0,"57":0,"58":0,"59":0,"60":0},"f":{"0":0,"1":0,"2":0,"3":0,"4":0,"5":0,"6":0,"7":0},"b":{"0":[0,0],"1":[0,0],"2":[0,0],"3":[0,0],"4":[0,0],"5":[0,0],"6":[0,0],"7":[0,0],"8":[0,0],"9":[0,0],"10":[0,0,0],"11":[0,0],"12":[0,0],"13":[0,0],"14":[0,0],"15":[0,0,0],"16":[0,0],"17":[0,0]}}
,"D:\\gloom\\StyleAI\\app\\(auth)\\onboarding.tsx": {"path":"D:\\gloom\\StyleAI\\app\\(auth)\\onboarding.tsx","statementMap":{"0":{"start":{"line":20,"column":2},"end":{"line":32,"column":4}},"1":{"start":{"line":23,"column":8},"end":{"line":29,"column":10}},"2":{"start":{"line":36,"column":17},"end":{"line":36,"column":28}},"3":{"start":{"line":37,"column":17},"end":{"line":37,"column":36}},"4":{"start":{"line":38,"column":28},"end":{"line":38,"column":42}},"5":{"start":{"line":40,"column":26},"end":{"line":40,"column":37}},"6":{"start":{"line":41,"column":26},"end":{"line":41,"column":38}},"7":{"start":{"line":42,"column":50},"end":{"line":42,"column":72}},"8":{"start":{"line":43,"column":36},"end":{"line":43,"column":65}},"9":{"start":{"line":44,"column":32},"end":{"line":44,"column":47}},"10":{"start":{"line":46,"column":21},"end":{"line":46,"column":22}},"11":{"start":{"line":49,"column":23},"end":{"line":55,"column":3}},"12":{"start":{"line":58,"column":26},"end":{"line":58,"column":49}},"13":{"start":{"line":61,"column":26},"end":{"line":61,"column":53}},"14":{"start":{"line":64,"column":26},"end":{"line":64,"column":37}},"15":{"start":{"line":67,"column":20},"end":{"line":110,"column":3}},"16":{"start":{"line":68,"column":29},"end":{"line":68,"column":78}},"17":{"start":{"line":70,"column":4},"end":{"line":73,"column":5}},"18":{"start":{"line":71,"column":6},"end":{"line":71,"column":88}},"19":{"start":{"line":72,"column":6},"end":{"line":72,"column":13}},"20":{"start":{"line":75,"column":4},"end":{"line":109,"column":6}},"21":{"start":{"line":82,"column":27},"end":{"line":86,"column":14}},"22":{"start":{"line":88,"column":12},"end":{"line":90,"column":13}},"23":{"start":{"line":89,"column":14},"end":{"line":89,"column":49}},"24":{"start":{"line":96,"column":27},"end":{"line":100,"column":14}},"25":{"start":{"line":102,"column":12},"end":{"line":104,"column":13}},"26":{"start":{"line":103,"column":14},"end":{"line":103,"column":49}},"27":{"start":{"line":113,"column":25},"end":{"line":166,"column":3}},"28":{"start":{"line":114,"column":4},"end":{"line":114,"column":21}},"29":{"start":{"line":116,"column":4},"end":{"line":165,"column":5}},"30":{"start":{"line":118,"column":25},"end":{"line":118,"column":29}},"31":{"start":{"line":120,"column":6},"end":{"line":137,"column":7}},"32":{"start":{"line":121,"column":25},"end":{"line":121,"column":53}},"33":{"start":{"line":122,"column":25},"end":{"line":122,"column":47}},"34":{"start":{"line":123,"column":21},"end":{"line":123,"column":42}},"35":{"start":{"line":125,"column":57},"end":{"line":127,"column":33}},"36":{"start":{"line":129,"column":8},"end":{"line":136,"column":9}},"37":{"start":{"line":130,"column":10},"end":{"line":130,"column":54}},"38":{"start":{"line":132,"column":42},"end":{"line":134,"column":35}},"39":{"start":{"line":135,"column":10},"end":{"line":135,"column":35}},"40":{"start":{"line":140,"column":53},"end":{"line":149,"column":17}},"41":{"start":{"line":151,"column":6},"end":{"line":153,"column":7}},"42":{"start":{"line":152,"column":8},"end":{"line":152,"column":61}},"43":{"start":{"line":155,"column":6},"end":{"line":157,"column":7}},"44":{"start":{"line":156,"column":8},"end":{"line":156,"column":25}},"45":{"start":{"line":159,"column":6},"end":{"line":159,"column":32}},"46":{"start":{"line":161,"column":6},"end":{"line":161,"column":48}},"47":{"start":{"line":162,"column":6},"end":{"line":162,"column":79}},"48":{"start":{"line":164,"column":6},"end":{"line":164,"column":24}},"49":{"start":{"line":168,"column":21},"end":{"line":319,"column":3}},"50":{"start":{"line":169,"column":4},"end":{"line":318,"column":5}},"51":{"start":{"line":172,"column":8},"end":{"line":194,"column":10}},"52":{"start":{"line":189,"column":29},"end":{"line":189,"column":39}},"53":{"start":{"line":198,"column":8},"end":{"line":246,"column":10}},"54":{"start":{"line":205,"column":35},"end":{"line":205,"column":71}},"55":{"start":{"line":206,"column":16},"end":{"line":231,"column":18}},"56":{"start":{"line":214,"column":22},"end":{"line":218,"column":23}},"57":{"start":{"line":215,"column":24},"end":{"line":215,"column":93}},"58":{"start":{"line":215,"column":75},"end":{"line":215,"column":90}},"59":{"start":{"line":217,"column":24},"end":{"line":217,"column":78}},"60":{"start":{"line":241,"column":29},"end":{"line":241,"column":39}},"61":{"start":{"line":250,"column":8},"end":{"line":279,"column":10}},"62":{"start":{"line":274,"column":29},"end":{"line":274,"column":39}},"63":{"start":{"line":283,"column":8},"end":{"line":314,"column":10}},"64":{"start":{"line":299,"column":25},"end":{"line":299,"column":68}},"65":{"start":{"line":299,"column":50},"end":{"line":299,"column":60}},"66":{"start":{"line":317,"column":8},"end":{"line":317,"column":20}},"67":{"start":{"line":321,"column":2},"end":{"line":336,"column":4}},"68":{"start":{"line":339,"column":15},"end":{"line":486,"column":2}}},"fnMap":{"0":{"name":"StepIndicator","decl":{"start":{"line":19,"column":9},"end":{"line":19,"column":22}},"loc":{"start":{"line":19,"column":97},"end":{"line":33,"column":1}},"line":19},"1":{"name":"(anonymous_1)","decl":{"start":{"line":22,"column":46},"end":{"line":22,"column":47}},"loc":{"start":{"line":23,"column":8},"end":{"line":29,"column":10}},"line":23},"2":{"name":"OnboardingScreen","decl":{"start":{"line":35,"column":24},"end":{"line":35,"column":40}},"loc":{"start":{"line":35,"column":43},"end":{"line":337,"column":1}},"line":35},"3":{"name":"(anonymous_3)","decl":{"start":{"line":67,"column":20},"end":{"line":67,"column":21}},"loc":{"start":{"line":67,"column":32},"end":{"line":110,"column":3}},"line":67},"4":{"name":"(anonymous_4)","decl":{"start":{"line":81,"column":19},"end":{"line":81,"column":20}},"loc":{"start":{"line":81,"column":31},"end":{"line":91,"column":11}},"line":81},"5":{"name":"(anonymous_5)","decl":{"start":{"line":95,"column":19},"end":{"line":95,"column":20}},"loc":{"start":{"line":95,"column":31},"end":{"line":105,"column":11}},"line":95},"6":{"name":"(anonymous_6)","decl":{"start":{"line":113,"column":25},"end":{"line":113,"column":26}},"loc":{"start":{"line":113,"column":37},"end":{"line":166,"column":3}},"line":113},"7":{"name":"(anonymous_7)","decl":{"start":{"line":168,"column":21},"end":{"line":168,"column":22}},"loc":{"start":{"line":168,"column":27},"end":{"line":319,"column":3}},"line":168},"8":{"name":"(anonymous_8)","decl":{"start":{"line":189,"column":23},"end":{"line":189,"column":24}},"loc":{"start":{"line":189,"column":29},"end":{"line":189,"column":39}},"line":189},"9":{"name":"(anonymous_9)","decl":{"start":{"line":204,"column":32},"end":{"line":204,"column":33}},"loc":{"start":{"line":204,"column":44},"end":{"line":232,"column":15}},"line":204},"10":{"name":"(anonymous_10)","decl":{"start":{"line":213,"column":29},"end":{"line":213,"column":30}},"loc":{"start":{"line":213,"column":35},"end":{"line":219,"column":21}},"line":213},"11":{"name":"(anonymous_11)","decl":{"start":{"line":215,"column":68},"end":{"line":215,"column":69}},"loc":{"start":{"line":215,"column":75},"end":{"line":215,"column":90}},"line":215},"12":{"name":"(anonymous_12)","decl":{"start":{"line":241,"column":23},"end":{"line":241,"column":24}},"loc":{"start":{"line":241,"column":29},"end":{"line":241,"column":39}},"line":241},"13":{"name":"(anonymous_13)","decl":{"start":{"line":274,"column":23},"end":{"line":274,"column":24}},"loc":{"start":{"line":274,"column":29},"end":{"line":274,"column":39}},"line":274},"14":{"name":"(anonymous_14)","decl":{"start":{"line":299,"column":18},"end":{"line":299,"column":19}},"loc":{"start":{"line":299,"column":25},"end":{"line":299,"column":68}},"line":299},"15":{"name":"(anonymous_15)","decl":{"start":{"line":299,"column":43},"end":{"line":299,"column":44}},"loc":{"start":{"line":299,"column":50},"end":{"line":299,"column":60}},"line":299}},"branchMap":{"0":{"loc":{"start":{"line":27,"column":12},"end":{"line":27,"column":60}},"type":"binary-expr","locations":[{"start":{"line":27,"column":12},"end":{"line":27,"column":36}},{"start":{"line":27,"column":40},"end":{"line":27,"column":60}}],"line":27},"1":{"loc":{"start":{"line":70,"column":4},"end":{"line":73,"column":5}},"type":"if","locations":[{"start":{"line":70,"column":4},"end":{"line":73,"column":5}},{"start":{},"end":{}}],"line":70},"2":{"loc":{"start":{"line":88,"column":12},"end":{"line":90,"column":13}},"type":"if","locations":[{"start":{"line":88,"column":12},"end":{"line":90,"column":13}},{"start":{},"end":{}}],"line":88},"3":{"loc":{"start":{"line":88,"column":16},"end":{"line":88,"column":52}},"type":"binary-expr","locations":[{"start":{"line":88,"column":16},"end":{"line":88,"column":32}},{"start":{"line":88,"column":36},"end":{"line":88,"column":52}}],"line":88},"4":{"loc":{"start":{"line":102,"column":12},"end":{"line":104,"column":13}},"type":"if","locations":[{"start":{"line":102,"column":12},"end":{"line":104,"column":13}},{"start":{},"end":{}}],"line":102},"5":{"loc":{"start":{"line":102,"column":16},"end":{"line":102,"column":52}},"type":"binary-expr","locations":[{"start":{"line":102,"column":16},"end":{"line":102,"column":32}},{"start":{"line":102,"column":36},"end":{"line":102,"column":52}}],"line":102},"6":{"loc":{"start":{"line":120,"column":6},"end":{"line":137,"column":7}},"type":"if","locations":[{"start":{"line":120,"column":6},"end":{"line":137,"column":7}},{"start":{},"end":{}}],"line":120},"7":{"loc":{"start":{"line":129,"column":8},"end":{"line":136,"column":9}},"type":"if","locations":[{"start":{"line":129,"column":8},"end":{"line":136,"column":9}},{"start":{"line":131,"column":15},"end":{"line":136,"column":9}}],"line":129},"8":{"loc":{"start":{"line":151,"column":6},"end":{"line":153,"column":7}},"type":"if","locations":[{"start":{"line":151,"column":6},"end":{"line":153,"column":7}},{"start":{},"end":{}}],"line":151},"9":{"loc":{"start":{"line":155,"column":6},"end":{"line":157,"column":7}},"type":"if","locations":[{"start":{"line":155,"column":6},"end":{"line":157,"column":7}},{"start":{},"end":{}}],"line":155},"10":{"loc":{"start":{"line":169,"column":4},"end":{"line":318,"column":5}},"type":"switch","locations":[{"start":{"line":170,"column":6},"end":{"line":194,"column":10}},{"start":{"line":196,"column":6},"end":{"line":246,"column":10}},{"start":{"line":248,"column":6},"end":{"line":279,"column":10}},{"start":{"line":281,"column":6},"end":{"line":314,"column":10}},{"start":{"line":316,"column":6},"end":{"line":317,"column":20}}],"line":169},"11":{"loc":{"start":{"line":186,"column":16},"end":{"line":186,"column":57}},"type":"binary-expr","locations":[{"start":{"line":186,"column":16},"end":{"line":186,"column":32}},{"start":{"line":186,"column":36},"end":{"line":186,"column":57}}],"line":186},"12":{"loc":{"start":{"line":211,"column":22},"end":{"line":211,"column":62}},"type":"binary-expr","locations":[{"start":{"line":211,"column":22},"end":{"line":211,"column":32}},{"start":{"line":211,"column":36},"end":{"line":211,"column":62}}],"line":211},"13":{"loc":{"start":{"line":214,"column":22},"end":{"line":218,"column":23}},"type":"if","locations":[{"start":{"line":214,"column":22},"end":{"line":218,"column":23}},{"start":{"line":216,"column":29},"end":{"line":218,"column":23}}],"line":214},"14":{"loc":{"start":{"line":225,"column":24},"end":{"line":225,"column":63}},"type":"binary-expr","locations":[{"start":{"line":225,"column":24},"end":{"line":225,"column":34}},{"start":{"line":225,"column":38},"end":{"line":225,"column":63}}],"line":225},"15":{"loc":{"start":{"line":238,"column":16},"end":{"line":238,"column":57}},"type":"binary-expr","locations":[{"start":{"line":238,"column":16},"end":{"line":238,"column":32}},{"start":{"line":238,"column":36},"end":{"line":238,"column":57}}],"line":238},"16":{"loc":{"start":{"line":258,"column":15},"end":{"line":265,"column":15}},"type":"cond-expr","locations":[{"start":{"line":259,"column":16},"end":{"line":259,"column":81}},{"start":{"line":261,"column":16},"end":{"line":264,"column":23}}],"line":258},"17":{"loc":{"start":{"line":271,"column":16},"end":{"line":271,"column":57}},"type":"binary-expr","locations":[{"start":{"line":271,"column":16},"end":{"line":271,"column":32}},{"start":{"line":271,"column":36},"end":{"line":271,"column":57}}],"line":271},"18":{"loc":{"start":{"line":305,"column":45},"end":{"line":305,"column":77}},"type":"binary-expr","locations":[{"start":{"line":305,"column":45},"end":{"line":305,"column":52}},{"start":{"line":305,"column":56},"end":{"line":305,"column":77}}],"line":305},"19":{"loc":{"start":{"line":310,"column":17},"end":{"line":310,"column":62}},"type":"cond-expr","locations":[{"start":{"line":310,"column":27},"end":{"line":310,"column":42}},{"start":{"line":310,"column":45},"end":{"line":310,"column":62}}],"line":310}},"s":{"0":0,"1":0,"2":0,"3":0,"4":0,"5":0,"6":0,"7":0,"8":0,"9":0,"10":0,"11":0,"12":0,"13":0,"14":0,"15":0,"16":0,"17":0,"18":0,"19":0,"20":0,"21":0,"22":0,"23":0,"24":0,"25":0,"26":0,"27":0,"28":0,"29":0,"30":0,"31":0,"32":0,"33":0,"34":0,"35":0,"36":0,"37":0,"38":0,"39":0,"40":0,"41":0,"42":0,"43":0,"44":0,"45":0,"46":0,"47":0,"48":0,"49":0,"50":0,"51":0,"52":0,"53":0,"54":0,"55":0,"56":0,"57":0,"58":0,"59":0,"60":0,"61":0,"62":0,"63":0,"64":0,"65":0,"66":0,"67":0,"68":0},"f":{"0":0,"1":0,"2":0,"3":0,"4":0,"5":0,"6":0,"7":0,"8":0,"9":0,"10":0,"11":0,"12":0,"13":0,"14":0,"15":0},"b":{"0":[0,0],"1":[0,0],"2":[0,0],"3":[0,0],"4":[0,0],"5":[0,0],"6":[0,0],"7":[0,0],"8":[0,0],"9":[0,0],"10":[0,0,0,0,0],"11":[0,0],"12":[0,0],"13":[0,0],"14":[0,0],"15":[0,0],"16":[0,0],"17":[0,0],"18":[0,0],"19":[0,0]}}
,"D:\\gloom\\StyleAI\\app\\(tabs)\\_layout.tsx": {"path":"D:\\gloom\\StyleAI\\app\\(tabs)\\_layout.tsx","statementMap":{"0":{"start":{"line":7,"column":2},"end":{"line":50,"column":4}},"1":{"start":{"line":9,"column":25},"end":{"line":9,"column":52}}},"fnMap":{"0":{"name":"TabLayout","decl":{"start":{"line":6,"column":24},"end":{"line":6,"column":33}},"loc":{"start":{"line":6,"column":36},"end":{"line":51,"column":1}},"line":6},"1":{"name":"(anonymous_1)","decl":{"start":{"line":9,"column":14},"end":{"line":9,"column":15}},"loc":{"start":{"line":9,"column":25},"end":{"line":9,"column":52}},"line":9}},"branchMap":{},"s":{"0":0,"1":0},"f":{"0":0,"1":0},"b":{}}
,"D:\\gloom\\StyleAI\\app\\(tabs)\\index.tsx": {"path":"D:\\gloom\\StyleAI\\app\\(tabs)\\index.tsx","statementMap":{"0":{"start":{"line":7,"column":2},"end":{"line":13,"column":4}},"1":{"start":{"line":16,"column":15},"end":{"line":31,"column":2}}},"fnMap":{"0":{"name":"TabOneScreen","decl":{"start":{"line":6,"column":24},"end":{"line":6,"column":36}},"loc":{"start":{"line":6,"column":39},"end":{"line":14,"column":1}},"line":6}},"branchMap":{},"s":{"0":0,"1":0},"f":{"0":0},"b":{}}
,"D:\\gloom\\StyleAI\\app\\(tabs)\\two.tsx": {"path":"D:\\gloom\\StyleAI\\app\\(tabs)\\two.tsx","statementMap":{"0":{"start":{"line":7,"column":2},"end":{"line":13,"column":4}},"1":{"start":{"line":16,"column":15},"end":{"line":31,"column":2}}},"fnMap":{"0":{"name":"TabTwoScreen","decl":{"start":{"line":6,"column":24},"end":{"line":6,"column":36}},"loc":{"start":{"line":6,"column":39},"end":{"line":14,"column":1}},"line":6}},"branchMap":{},"s":{"0":0,"1":0},"f":{"0":0},"b":{}}
,"D:\\gloom\\StyleAI\\app\\(tabs)\\inspo\\index.tsx": {"path":"D:\\gloom\\StyleAI\\app\\(tabs)\\inspo\\index.tsx","statementMap":{"0":{"start":{"line":5,"column":32},"end":{"line":5,"column":56}},"1":{"start":{"line":6,"column":19},"end":{"line":6,"column":37}},"2":{"start":{"line":7,"column":20},"end":{"line":7,"column":36}},"3":{"start":{"line":10,"column":26},"end":{"line":38,"column":1}},"4":{"start":{"line":41,"column":2},"end":{"line":48,"column":4}},"5":{"start":{"line":52,"column":2},"end":{"line":65,"column":4}},"6":{"start":{"line":61,"column":10},"end":{"line":61,"column":67}},"7":{"start":{"line":69,"column":17},"end":{"line":69,"column":36}},"8":{"start":{"line":71,"column":2},"end":{"line":89,"column":4}},"9":{"start":{"line":85,"column":10},"end":{"line":85,"column":90}},"10":{"start":{"line":92,"column":15},"end":{"line":170,"column":2}}},"fnMap":{"0":{"name":"InspoCard","decl":{"start":{"line":40,"column":9},"end":{"line":40,"column":18}},"loc":{"start":{"line":40,"column":79},"end":{"line":49,"column":1}},"line":40},"1":{"name":"TrendingSection","decl":{"start":{"line":51,"column":9},"end":{"line":51,"column":24}},"loc":{"start":{"line":51,"column":79},"end":{"line":66,"column":1}},"line":51},"2":{"name":"(anonymous_2)","decl":{"start":{"line":60,"column":19},"end":{"line":60,"column":20}},"loc":{"start":{"line":61,"column":10},"end":{"line":61,"column":67}},"line":61},"3":{"name":"(anonymous_3)","decl":{"start":{"line":61,"column":55},"end":{"line":61,"column":56}},"loc":{"start":{"line":61,"column":61},"end":{"line":61,"column":63}},"line":61},"4":{"name":"InspoScreen","decl":{"start":{"line":68,"column":24},"end":{"line":68,"column":35}},"loc":{"start":{"line":68,"column":38},"end":{"line":90,"column":1}},"line":68},"5":{"name":"(anonymous_5)","decl":{"start":{"line":84,"column":31},"end":{"line":84,"column":32}},"loc":{"start":{"line":85,"column":10},"end":{"line":85,"column":90}},"line":85}},"branchMap":{},"s":{"0":0,"1":0,"2":0,"3":0,"4":0,"5":0,"6":0,"7":0,"8":0,"9":0,"10":0},"f":{"0":0,"1":0,"2":0,"3":0,"4":0,"5":0},"b":{}}
,"D:\\gloom\\StyleAI\\app\\(tabs)\\outfits\\index.tsx": {"path":"D:\\gloom\\StyleAI\\app\\(tabs)\\outfits\\index.tsx","statementMap":{"0":{"start":{"line":10,"column":2},"end":{"line":14,"column":4}},"1":{"start":{"line":18,"column":2},"end":{"line":46,"column":4}},"2":{"start":{"line":22,"column":23},"end":{"line":22,"column":55}},"3":{"start":{"line":22,"column":39},"end":{"line":22,"column":54}},"4":{"start":{"line":23,"column":10},"end":{"line":32,"column":19}},"5":{"start":{"line":50,"column":2},"end":{"line":61,"column":4}},"6":{"start":{"line":65,"column":2},"end":{"line":73,"column":4}},"7":{"start":{"line":77,"column":17},"end":{"line":77,"column":36}},"8":{"start":{"line":78,"column":19},"end":{"line":78,"column":33}},"9":{"start":{"line":79,"column":47},"end":{"line":79,"column":65}},"10":{"start":{"line":80,"column":58},"end":{"line":80,"column":74}},"11":{"start":{"line":81,"column":18},"end":{"line":81,"column":30}},"12":{"start":{"line":82,"column":21},"end":{"line":82,"column":42}},"13":{"start":{"line":84,"column":2},"end":{"line":89,"column":17}},"14":{"start":{"line":85,"column":4},"end":{"line":88,"column":5}},"15":{"start":{"line":86,"column":6},"end":{"line":86,"column":26}},"16":{"start":{"line":87,"column":6},"end":{"line":87,"column":28}},"17":{"start":{"line":91,"column":25},"end":{"line":112,"column":3}},"18":{"start":{"line":92,"column":4},"end":{"line":95,"column":5}},"19":{"start":{"line":93,"column":6},"end":{"line":93,"column":67}},"20":{"start":{"line":94,"column":6},"end":{"line":94,"column":13}},"21":{"start":{"line":97,"column":4},"end":{"line":111,"column":5}},"22":{"start":{"line":98,"column":26},"end":{"line":103,"column":7}},"23":{"start":{"line":107,"column":6},"end":{"line":107,"column":84}},"24":{"start":{"line":109,"column":6},"end":{"line":109,"column":46}},"25":{"start":{"line":110,"column":6},"end":{"line":110,"column":76}},"26":{"start":{"line":114,"column":2},"end":{"line":148,"column":4}},"27":{"start":{"line":139,"column":12},"end":{"line":143,"column":14}},"28":{"start":{"line":151,"column":15},"end":{"line":281,"column":2}}},"fnMap":{"0":{"name":"OccasionBadge","decl":{"start":{"line":9,"column":9},"end":{"line":9,"column":22}},"loc":{"start":{"line":9,"column":59},"end":{"line":15,"column":1}},"line":9},"1":{"name":"OutfitCard","decl":{"start":{"line":17,"column":9},"end":{"line":17,"column":19}},"loc":{"start":{"line":17,"column":70},"end":{"line":47,"column":1}},"line":17},"2":{"name":"(anonymous_2)","decl":{"start":{"line":21,"column":41},"end":{"line":21,"column":42}},"loc":{"start":{"line":21,"column":76},"end":{"line":33,"column":9}},"line":21},"3":{"name":"(anonymous_3)","decl":{"start":{"line":22,"column":34},"end":{"line":22,"column":35}},"loc":{"start":{"line":22,"column":39},"end":{"line":22,"column":54}},"line":22},"4":{"name":"EmptyState","decl":{"start":{"line":49,"column":9},"end":{"line":49,"column":19}},"loc":{"start":{"line":49,"column":64},"end":{"line":62,"column":1}},"line":49},"5":{"name":"NoItemsState","decl":{"start":{"line":64,"column":9},"end":{"line":64,"column":21}},"loc":{"start":{"line":64,"column":24},"end":{"line":74,"column":1}},"line":64},"6":{"name":"OutfitsScreen","decl":{"start":{"line":76,"column":24},"end":{"line":76,"column":37}},"loc":{"start":{"line":76,"column":40},"end":{"line":149,"column":1}},"line":76},"7":{"name":"(anonymous_7)","decl":{"start":{"line":84,"column":12},"end":{"line":84,"column":13}},"loc":{"start":{"line":84,"column":18},"end":{"line":89,"column":3}},"line":84},"8":{"name":"(anonymous_8)","decl":{"start":{"line":91,"column":25},"end":{"line":91,"column":26}},"loc":{"start":{"line":91,"column":37},"end":{"line":112,"column":3}},"line":91},"9":{"name":"(anonymous_9)","decl":{"start":{"line":138,"column":23},"end":{"line":138,"column":24}},"loc":{"start":{"line":139,"column":12},"end":{"line":143,"column":14}},"line":139}},"branchMap":{"0":{"loc":{"start":{"line":23,"column":17},"end":{"line":32,"column":18}},"type":"cond-expr","locations":[{"start":{"line":24,"column":12},"end":{"line":31,"column":14}},{"start":{"line":32,"column":14},"end":{"line":32,"column":18}}],"line":23},"1":{"loc":{"start":{"line":29,"column":30},"end":{"line":29,"column":49}},"type":"cond-expr","locations":[{"start":{"line":29,"column":42},"end":{"line":29,"column":45}},{"start":{"line":29,"column":48},"end":{"line":29,"column":49}}],"line":29},"2":{"loc":{"start":{"line":36,"column":33},"end":{"line":36,"column":60}},"type":"binary-expr","locations":[{"start":{"line":36,"column":33},"end":{"line":36,"column":48}},{"start":{"line":36,"column":52},"end":{"line":36,"column":60}}],"line":36},"3":{"loc":{"start":{"line":85,"column":4},"end":{"line":88,"column":5}},"type":"if","locations":[{"start":{"line":85,"column":4},"end":{"line":88,"column":5}},{"start":{},"end":{}}],"line":85},"4":{"loc":{"start":{"line":92,"column":4},"end":{"line":95,"column":5}},"type":"if","locations":[{"start":{"line":92,"column":4},"end":{"line":95,"column":5}},{"start":{},"end":{}}],"line":92},"5":{"loc":{"start":{"line":119,"column":47},"end":{"line":119,"column":84}},"type":"binary-expr","locations":[{"start":{"line":119,"column":47},"end":{"line":119,"column":59}},{"start":{"line":119,"column":63},"end":{"line":119,"column":84}}],"line":119},"6":{"loc":{"start":{"line":121,"column":20},"end":{"line":121,"column":62}},"type":"binary-expr","locations":[{"start":{"line":121,"column":20},"end":{"line":121,"column":32}},{"start":{"line":121,"column":36},"end":{"line":121,"column":62}}],"line":121},"7":{"loc":{"start":{"line":124,"column":13},"end":{"line":124,"column":55}},"type":"cond-expr","locations":[{"start":{"line":124,"column":28},"end":{"line":124,"column":43}},{"start":{"line":124,"column":46},"end":{"line":124,"column":55}}],"line":124},"8":{"loc":{"start":{"line":129,"column":7},"end":{"line":146,"column":7}},"type":"cond-expr","locations":[{"start":{"line":130,"column":8},"end":{"line":130,"column":24}},{"start":{"line":131,"column":10},"end":{"line":146,"column":7}}],"line":129},"9":{"loc":{"start":{"line":131,"column":10},"end":{"line":146,"column":7}},"type":"cond-expr","locations":[{"start":{"line":132,"column":8},"end":{"line":132,"column":50}},{"start":{"line":134,"column":8},"end":{"line":145,"column":21}}],"line":131}},"s":{"0":0,"1":0,"2":0,"3":0,"4":0,"5":0,"6":0,"7":0,"8":0,"9":0,"10":0,"11":0,"12":0,"13":0,"14":0,"15":0,"16":0,"17":0,"18":0,"19":0,"20":0,"21":0,"22":0,"23":0,"24":0,"25":0,"26":0,"27":0,"28":0},"f":{"0":0,"1":0,"2":0,"3":0,"4":0,"5":0,"6":0,"7":0,"8":0,"9":0},"b":{"0":[0,0],"1":[0,0],"2":[0,0],"3":[0,0],"4":[0,0],"5":[0,0],"6":[0,0],"7":[0,0],"8":[0,0],"9":[0,0]}}
,"D:\\gloom\\StyleAI\\app\\(tabs)\\wardrobe\\add-item.tsx": {"path":"D:\\gloom\\StyleAI\\app\\(tabs)\\wardrobe\\add-item.tsx","statementMap":{"0":{"start":{"line":20,"column":17},"end":{"line":20,"column":28}},"1":{"start":{"line":21,"column":17},"end":{"line":21,"column":36}},"2":{"start":{"line":22,"column":19},"end":{"line":22,"column":33}},"3":{"start":{"line":23,"column":22},"end":{"line":23,"column":40}},"4":{"start":{"line":25,"column":44},"end":{"line":25,"column":73}},"5":{"start":{"line":26,"column":32},"end":{"line":26,"column":47}},"6":{"start":{"line":27,"column":36},"end":{"line":27,"column":51}},"7":{"start":{"line":29,"column":20},"end":{"line":56,"column":3}},"8":{"start":{"line":30,"column":29},"end":{"line":32,"column":63}},"9":{"start":{"line":34,"column":4},"end":{"line":37,"column":5}},"10":{"start":{"line":35,"column":6},"end":{"line":35,"column":77}},"11":{"start":{"line":36,"column":6},"end":{"line":36,"column":13}},"12":{"start":{"line":39,"column":19},"end":{"line":51,"column":10}},"13":{"start":{"line":53,"column":4},"end":{"line":55,"column":5}},"14":{"start":{"line":54,"column":6},"end":{"line":54,"column":45}},"15":{"start":{"line":58,"column":21},"end":{"line":134,"column":3}},"16":{"start":{"line":59,"column":4},"end":{"line":59,"column":40}},"17":{"start":{"line":59,"column":33},"end":{"line":59,"column":40}},"18":{"start":{"line":61,"column":4},"end":{"line":61,"column":23}},"19":{"start":{"line":62,"column":4},"end":{"line":133,"column":5}},"20":{"start":{"line":64,"column":23},"end":{"line":64,"column":53}},"21":{"start":{"line":65,"column":23},"end":{"line":65,"column":49}},"22":{"start":{"line":66,"column":19},"end":{"line":66,"column":40}},"23":{"start":{"line":68,"column":55},"end":{"line":70,"column":31}},"24":{"start":{"line":72,"column":6},"end":{"line":74,"column":7}},"25":{"start":{"line":73,"column":8},"end":{"line":73,"column":26}},"26":{"start":{"line":77,"column":38},"end":{"line":79,"column":31}},"27":{"start":{"line":82,"column":6},"end":{"line":82,"column":23}},"28":{"start":{"line":84,"column":6},"end":{"line":98,"column":7}},"29":{"start":{"line":85,"column":23},"end":{"line":85,"column":47}},"30":{"start":{"line":86,"column":8},"end":{"line":86,"column":45}},"31":{"start":{"line":88,"column":8},"end":{"line":88,"column":50}},"32":{"start":{"line":90,"column":8},"end":{"line":97,"column":10}},"33":{"start":{"line":101,"column":45},"end":{"line":114,"column":17}},"34":{"start":{"line":116,"column":6},"end":{"line":118,"column":7}},"35":{"start":{"line":117,"column":8},"end":{"line":117,"column":22}},"36":{"start":{"line":120,"column":6},"end":{"line":122,"column":7}},"37":{"start":{"line":121,"column":8},"end":{"line":121,"column":22}},"38":{"start":{"line":124,"column":6},"end":{"line":126,"column":9}},"39":{"start":{"line":125,"column":37},"end":{"line":125,"column":50}},"40":{"start":{"line":128,"column":6},"end":{"line":128,"column":42}},"41":{"start":{"line":129,"column":6},"end":{"line":129,"column":69}},"42":{"start":{"line":131,"column":6},"end":{"line":131,"column":24}},"43":{"start":{"line":132,"column":6},"end":{"line":132,"column":26}},"44":{"start":{"line":137,"column":23},"end":{"line":147,"column":3}},"45":{"start":{"line":138,"column":4},"end":{"line":146,"column":7}},"46":{"start":{"line":139,"column":21},"end":{"line":139,"column":37}},"47":{"start":{"line":140,"column":6},"end":{"line":143,"column":8}},"48":{"start":{"line":141,"column":23},"end":{"line":141,"column":62}},"49":{"start":{"line":142,"column":8},"end":{"line":142,"column":24}},"50":{"start":{"line":144,"column":6},"end":{"line":144,"column":30}},"51":{"start":{"line":145,"column":6},"end":{"line":145,"column":33}},"52":{"start":{"line":149,"column":2},"end":{"line":215,"column":4}},"53":{"start":{"line":153,"column":41},"end":{"line":153,"column":54}},"54":{"start":{"line":200,"column":25},"end":{"line":200,"column":40}},"55":{"start":{"line":208,"column":25},"end":{"line":208,"column":41}},"56":{"start":{"line":218,"column":15},"end":{"line":306,"column":2}}},"fnMap":{"0":{"name":"AddItemScreen","decl":{"start":{"line":19,"column":24},"end":{"line":19,"column":37}},"loc":{"start":{"line":19,"column":40},"end":{"line":216,"column":1}},"line":19},"1":{"name":"(anonymous_1)","decl":{"start":{"line":29,"column":20},"end":{"line":29,"column":21}},"loc":{"start":{"line":29,"column":50},"end":{"line":56,"column":3}},"line":29},"2":{"name":"(anonymous_2)","decl":{"start":{"line":58,"column":21},"end":{"line":58,"column":22}},"loc":{"start":{"line":58,"column":33},"end":{"line":134,"column":3}},"line":58},"3":{"name":"(anonymous_3)","decl":{"start":{"line":125,"column":31},"end":{"line":125,"column":32}},"loc":{"start":{"line":125,"column":37},"end":{"line":125,"column":50}},"line":125},"4":{"name":"(anonymous_4)","decl":{"start":{"line":137,"column":23},"end":{"line":137,"column":24}},"loc":{"start":{"line":137,"column":56},"end":{"line":147,"column":3}},"line":137},"5":{"name":"(anonymous_5)","decl":{"start":{"line":138,"column":23},"end":{"line":138,"column":24}},"loc":{"start":{"line":138,"column":44},"end":{"line":146,"column":5}},"line":138},"6":{"name":"(anonymous_6)","decl":{"start":{"line":140,"column":25},"end":{"line":140,"column":26}},"loc":{"start":{"line":140,"column":31},"end":{"line":143,"column":7}},"line":140},"7":{"name":"(anonymous_7)","decl":{"start":{"line":153,"column":35},"end":{"line":153,"column":36}},"loc":{"start":{"line":153,"column":41},"end":{"line":153,"column":54}},"line":153},"8":{"name":"(anonymous_8)","decl":{"start":{"line":200,"column":19},"end":{"line":200,"column":20}},"loc":{"start":{"line":200,"column":25},"end":{"line":200,"column":40}},"line":200},"9":{"name":"(anonymous_9)","decl":{"start":{"line":208,"column":19},"end":{"line":208,"column":20}},"loc":{"start":{"line":208,"column":25},"end":{"line":208,"column":41}},"line":208}},"branchMap":{"0":{"loc":{"start":{"line":30,"column":29},"end":{"line":32,"column":63}},"type":"cond-expr","locations":[{"start":{"line":31,"column":8},"end":{"line":31,"column":57}},{"start":{"line":32,"column":8},"end":{"line":32,"column":63}}],"line":30},"1":{"loc":{"start":{"line":34,"column":4},"end":{"line":37,"column":5}},"type":"if","locations":[{"start":{"line":34,"column":4},"end":{"line":37,"column":5}},{"start":{},"end":{}}],"line":34},"2":{"loc":{"start":{"line":39,"column":19},"end":{"line":51,"column":10}},"type":"cond-expr","locations":[{"start":{"line":40,"column":8},"end":{"line":45,"column":10}},{"start":{"line":46,"column":8},"end":{"line":51,"column":10}}],"line":39},"3":{"loc":{"start":{"line":53,"column":4},"end":{"line":55,"column":5}},"type":"if","locations":[{"start":{"line":53,"column":4},"end":{"line":55,"column":5}},{"start":{},"end":{}}],"line":53},"4":{"loc":{"start":{"line":53,"column":8},"end":{"line":53,"column":44}},"type":"binary-expr","locations":[{"start":{"line":53,"column":8},"end":{"line":53,"column":24}},{"start":{"line":53,"column":28},"end":{"line":53,"column":44}}],"line":53},"5":{"loc":{"start":{"line":59,"column":4},"end":{"line":59,"column":40}},"type":"if","locations":[{"start":{"line":59,"column":4},"end":{"line":59,"column":40}},{"start":{},"end":{}}],"line":59},"6":{"loc":{"start":{"line":59,"column":8},"end":{"line":59,"column":31}},"type":"binary-expr","locations":[{"start":{"line":59,"column":8},"end":{"line":59,"column":22}},{"start":{"line":59,"column":26},"end":{"line":59,"column":31}}],"line":59},"7":{"loc":{"start":{"line":72,"column":6},"end":{"line":74,"column":7}},"type":"if","locations":[{"start":{"line":72,"column":6},"end":{"line":74,"column":7}},{"start":{},"end":{}}],"line":72},"8":{"loc":{"start":{"line":108,"column":18},"end":{"line":108,"column":35}},"type":"binary-expr","locations":[{"start":{"line":108,"column":18},"end":{"line":108,"column":29}},{"start":{"line":108,"column":33},"end":{"line":108,"column":35}}],"line":108},"9":{"loc":{"start":{"line":109,"column":22},"end":{"line":109,"column":43}},"type":"binary-expr","locations":[{"start":{"line":109,"column":22},"end":{"line":109,"column":37}},{"start":{"line":109,"column":41},"end":{"line":109,"column":43}}],"line":109},"10":{"loc":{"start":{"line":110,"column":25},"end":{"line":110,"column":49}},"type":"binary-expr","locations":[{"start":{"line":110,"column":25},"end":{"line":110,"column":43}},{"start":{"line":110,"column":47},"end":{"line":110,"column":49}}],"line":110},"11":{"loc":{"start":{"line":116,"column":6},"end":{"line":118,"column":7}},"type":"if","locations":[{"start":{"line":116,"column":6},"end":{"line":118,"column":7}},{"start":{},"end":{}}],"line":116},"12":{"loc":{"start":{"line":120,"column":6},"end":{"line":122,"column":7}},"type":"if","locations":[{"start":{"line":120,"column":6},"end":{"line":122,"column":7}},{"start":{},"end":{}}],"line":120},"13":{"loc":{"start":{"line":159,"column":20},"end":{"line":159,"column":47}},"type":"binary-expr","locations":[{"start":{"line":159,"column":20},"end":{"line":159,"column":34}},{"start":{"line":159,"column":38},"end":{"line":159,"column":47}}],"line":159},"14":{"loc":{"start":{"line":164,"column":14},"end":{"line":164,"column":70}},"type":"binary-expr","locations":[{"start":{"line":164,"column":15},"end":{"line":164,"column":29}},{"start":{"line":164,"column":33},"end":{"line":164,"column":42}},{"start":{"line":164,"column":47},"end":{"line":164,"column":70}}],"line":164},"15":{"loc":{"start":{"line":167,"column":13},"end":{"line":167,"column":45}},"type":"cond-expr","locations":[{"start":{"line":167,"column":25},"end":{"line":167,"column":36}},{"start":{"line":167,"column":39},"end":{"line":167,"column":45}}],"line":167},"16":{"loc":{"start":{"line":174,"column":9},"end":{"line":183,"column":9}},"type":"cond-expr","locations":[{"start":{"line":175,"column":10},"end":{"line":175,"column":72}},{"start":{"line":177,"column":10},"end":{"line":182,"column":17}}],"line":174},"17":{"loc":{"start":{"line":187,"column":7},"end":{"line":194,"column":7}},"type":"binary-expr","locations":[{"start":{"line":187,"column":7},"end":{"line":187,"column":14}},{"start":{"line":188,"column":8},"end":{"line":193,"column":15}}],"line":187}},"s":{"0":0,"1":0,"2":0,"3":0,"4":0,"5":0,"6":0,"7":0,"8":0,"9":0,"10":0,"11":0,"12":0,"13":0,"14":0,"15":0,"16":0,"17":0,"18":0,"19":0,"20":0,"21":0,"22":0,"23":0,"24":0,"25":0,"26":0,"27":0,"28":0,"29":0,"30":0,"31":0,"32":0,"33":0,"34":0,"35":0,"36":0,"37":0,"38":0,"39":0,"40":0,"41":0,"42":0,"43":0,"44":0,"45":0,"46":0,"47":0,"48":0,"49":0,"50":0,"51":0,"52":0,"53":0,"54":0,"55":0,"56":0},"f":{"0":0,"1":0,"2":0,"3":0,"4":0,"5":0,"6":0,"7":0,"8":0,"9":0},"b":{"0":[0,0],"1":[0,0],"2":[0,0],"3":[0,0],"4":[0,0],"5":[0,0],"6":[0,0],"7":[0,0],"8":[0,0],"9":[0,0],"10":[0,0],"11":[0,0],"12":[0,0],"13":[0,0],"14":[0,0,0],"15":[0,0],"16":[0,0],"17":[0,0]}}
,"D:\\gloom\\StyleAI\\app\\(tabs)\\wardrobe\\index.tsx": {"path":"D:\\gloom\\StyleAI\\app\\(tabs)\\wardrobe\\index.tsx","statementMap":{"0":{"start":{"line":9,"column":32},"end":{"line":9,"column":56}},"1":{"start":{"line":10,"column":21},"end":{"line":10,"column":44}},"2":{"start":{"line":12,"column":62},"end":{"line":20,"column":1}},"3":{"start":{"line":23,"column":44},"end":{"line":23,"column":62}},"4":{"start":{"line":25,"column":2},"end":{"line":53,"column":4}},"5":{"start":{"line":30,"column":32},"end":{"line":30,"column":39}},"6":{"start":{"line":34,"column":10},"end":{"line":49,"column":29}},"7":{"start":{"line":39,"column":27},"end":{"line":39,"column":47}},"8":{"start":{"line":57,"column":2},"end":{"line":80,"column":4}},"9":{"start":{"line":71,"column":14},"end":{"line":74,"column":16}},"10":{"start":{"line":84,"column":2},"end":{"line":95,"column":4}},"11":{"start":{"line":99,"column":17},"end":{"line":99,"column":36}},"12":{"start":{"line":100,"column":17},"end":{"line":100,"column":28}},"13":{"start":{"line":101,"column":19},"end":{"line":101,"column":33}},"14":{"start":{"line":102,"column":25},"end":{"line":102,"column":43}},"15":{"start":{"line":103,"column":16},"end":{"line":103,"column":34}},"16":{"start":{"line":106,"column":2},"end":{"line":110,"column":17}},"17":{"start":{"line":107,"column":4},"end":{"line":109,"column":5}},"18":{"start":{"line":108,"column":6},"end":{"line":108,"column":26}},"19":{"start":{"line":112,"column":24},"end":{"line":114,"column":14}},"20":{"start":{"line":113,"column":4},"end":{"line":113,"column":45}},"21":{"start":{"line":116,"column":21},"end":{"line":119,"column":3}},"22":{"start":{"line":117,"column":42},"end":{"line":117,"column":66}},"23":{"start":{"line":121,"column":2},"end":{"line":145,"column":4}},"24":{"start":{"line":138,"column":34},"end":{"line":138,"column":41}},"25":{"start":{"line":148,"column":15},"end":{"line":278,"column":2}}},"fnMap":{"0":{"name":"CategoryFilter","decl":{"start":{"line":22,"column":9},"end":{"line":22,"column":23}},"loc":{"start":{"line":22,"column":26},"end":{"line":54,"column":1}},"line":22},"1":{"name":"(anonymous_1)","decl":{"start":{"line":30,"column":22},"end":{"line":30,"column":23}},"loc":{"start":{"line":30,"column":32},"end":{"line":30,"column":39}},"line":30},"2":{"name":"(anonymous_2)","decl":{"start":{"line":33,"column":20},"end":{"line":33,"column":21}},"loc":{"start":{"line":34,"column":10},"end":{"line":49,"column":29}},"line":34},"3":{"name":"(anonymous_3)","decl":{"start":{"line":39,"column":21},"end":{"line":39,"column":22}},"loc":{"start":{"line":39,"column":27},"end":{"line":39,"column":47}},"line":39},"4":{"name":"ItemCard","decl":{"start":{"line":56,"column":9},"end":{"line":56,"column":17}},"loc":{"start":{"line":56,"column":52},"end":{"line":81,"column":1}},"line":56},"5":{"name":"(anonymous_5)","decl":{"start":{"line":70,"column":41},"end":{"line":70,"column":42}},"loc":{"start":{"line":71,"column":14},"end":{"line":74,"column":16}},"line":71},"6":{"name":"EmptyState","decl":{"start":{"line":83,"column":9},"end":{"line":83,"column":19}},"loc":{"start":{"line":83,"column":62},"end":{"line":96,"column":1}},"line":83},"7":{"name":"WardrobeScreen","decl":{"start":{"line":98,"column":24},"end":{"line":98,"column":38}},"loc":{"start":{"line":98,"column":41},"end":{"line":146,"column":1}},"line":98},"8":{"name":"(anonymous_8)","decl":{"start":{"line":106,"column":12},"end":{"line":106,"column":13}},"loc":{"start":{"line":106,"column":18},"end":{"line":110,"column":3}},"line":106},"9":{"name":"(anonymous_9)","decl":{"start":{"line":112,"column":36},"end":{"line":112,"column":37}},"loc":{"start":{"line":112,"column":42},"end":{"line":114,"column":3}},"line":112},"10":{"name":"(anonymous_10)","decl":{"start":{"line":117,"column":4},"end":{"line":117,"column":5}},"loc":{"start":{"line":117,"column":42},"end":{"line":117,"column":66}},"line":117},"11":{"name":"(anonymous_11)","decl":{"start":{"line":138,"column":24},"end":{"line":138,"column":25}},"loc":{"start":{"line":138,"column":34},"end":{"line":138,"column":41}},"line":138}},"branchMap":{"0":{"loc":{"start":{"line":37,"column":14},"end":{"line":37,"column":69}},"type":"binary-expr","locations":[{"start":{"line":37,"column":14},"end":{"line":37,"column":42}},{"start":{"line":37,"column":46},"end":{"line":37,"column":69}}],"line":37},"1":{"loc":{"start":{"line":44,"column":16},"end":{"line":44,"column":75}},"type":"binary-expr","locations":[{"start":{"line":44,"column":16},"end":{"line":44,"column":44}},{"start":{"line":44,"column":48},"end":{"line":44,"column":75}}],"line":44},"2":{"loc":{"start":{"line":66,"column":11},"end":{"line":66,"column":45}},"type":"binary-expr","locations":[{"start":{"line":66,"column":11},"end":{"line":66,"column":28}},{"start":{"line":66,"column":32},"end":{"line":66,"column":45}}],"line":66},"3":{"loc":{"start":{"line":68,"column":9},"end":{"line":77,"column":9}},"type":"binary-expr","locations":[{"start":{"line":68,"column":9},"end":{"line":68,"column":20}},{"start":{"line":68,"column":24},"end":{"line":68,"column":46}},{"start":{"line":69,"column":10},"end":{"line":76,"column":17}}],"line":68},"4":{"loc":{"start":{"line":107,"column":4},"end":{"line":109,"column":5}},"type":"if","locations":[{"start":{"line":107,"column":4},"end":{"line":109,"column":5}},{"start":{},"end":{}}],"line":107},"5":{"loc":{"start":{"line":132,"column":7},"end":{"line":143,"column":7}},"type":"cond-expr","locations":[{"start":{"line":133,"column":8},"end":{"line":140,"column":10}},{"start":{"line":142,"column":8},"end":{"line":142,"column":48}}],"line":132}},"s":{"0":0,"1":0,"2":0,"3":0,"4":0,"5":0,"6":0,"7":0,"8":0,"9":0,"10":0,"11":0,"12":0,"13":0,"14":0,"15":0,"16":0,"17":0,"18":0,"19":0,"20":0,"21":0,"22":0,"23":0,"24":0,"25":0},"f":{"0":0,"1":0,"2":0,"3":0,"4":0,"5":0,"6":0,"7":0,"8":0,"9":0,"10":0,"11":0},"b":{"0":[0,0],"1":[0,0],"2":[0,0],"3":[0,0,0],"4":[0,0],"5":[0,0]}}
,"D:\\gloom\\StyleAI\\components\\EditScreenInfo.tsx": {"path":"D:\\gloom\\StyleAI\\components\\EditScreenInfo.tsx","statementMap":{"0":{"start":{"line":11,"column":2},"end":{"line":46,"column":4}},"1":{"start":{"line":49,"column":15},"end":{"line":77,"column":2}}},"fnMap":{"0":{"name":"EditScreenInfo","decl":{"start":{"line":10,"column":24},"end":{"line":10,"column":38}},"loc":{"start":{"line":10,"column":67},"end":{"line":47,"column":1}},"line":10}},"branchMap":{},"s":{"0":0,"1":0},"f":{"0":0},"b":{}}
,"D:\\gloom\\StyleAI\\components\\ExternalLink.tsx": {"path":"D:\\gloom\\StyleAI\\components\\ExternalLink.tsx","statementMap":{"0":{"start":{"line":9,"column":2},"end":{"line":23,"column":4}},"1":{"start":{"line":15,"column":8},"end":{"line":20,"column":9}},"2":{"start":{"line":17,"column":10},"end":{"line":17,"column":29}},"3":{"start":{"line":19,"column":10},"end":{"line":19,"column":60}}},"fnMap":{"0":{"name":"ExternalLink","decl":{"start":{"line":6,"column":16},"end":{"line":6,"column":28}},"loc":{"start":{"line":8,"column":2},"end":{"line":24,"column":1}},"line":8},"1":{"name":"(anonymous_1)","decl":{"start":{"line":14,"column":15},"end":{"line":14,"column":16}},"loc":{"start":{"line":14,"column":22},"end":{"line":21,"column":7}},"line":14}},"branchMap":{"0":{"loc":{"start":{"line":15,"column":8},"end":{"line":20,"column":9}},"type":"if","locations":[{"start":{"line":15,"column":8},"end":{"line":20,"column":9}},{"start":{},"end":{}}],"line":15}},"s":{"0":0,"1":0,"2":0,"3":0},"f":{"0":0,"1":0},"b":{"0":[0,0]}}
,"D:\\gloom\\StyleAI\\components\\StyledText.tsx": {"path":"D:\\gloom\\StyleAI\\components\\StyledText.tsx","statementMap":{"0":{"start":{"line":4,"column":2},"end":{"line":4,"column":80}}},"fnMap":{"0":{"name":"MonoText","decl":{"start":{"line":3,"column":16},"end":{"line":3,"column":24}},"loc":{"start":{"line":3,"column":43},"end":{"line":5,"column":1}},"line":3}},"branchMap":{},"s":{"0":0},"f":{"0":0},"b":{}}
,"D:\\gloom\\StyleAI\\components\\Themed.tsx": {"path":"D:\\gloom\\StyleAI\\components\\Themed.tsx","statementMap":{"0":{"start":{"line":23,"column":16},"end":{"line":23,"column":32}},"1":{"start":{"line":24,"column":25},"end":{"line":24,"column":37}},"2":{"start":{"line":26,"column":2},"end":{"line":30,"column":3}},"3":{"start":{"line":27,"column":4},"end":{"line":27,"column":26}},"4":{"start":{"line":29,"column":4},"end":{"line":29,"column":36}},"5":{"start":{"line":34,"column":58},"end":{"line":34,"column":63}},"6":{"start":{"line":35,"column":16},"end":{"line":35,"column":77}},"7":{"start":{"line":37,"column":2},"end":{"line":37,"column":68}},"8":{"start":{"line":41,"column":58},"end":{"line":41,"column":63}},"9":{"start":{"line":42,"column":26},"end":{"line":42,"column":93}},"10":{"start":{"line":44,"column":2},"end":{"line":44,"column":78}}},"fnMap":{"0":{"name":"useThemeColor","decl":{"start":{"line":19,"column":16},"end":{"line":19,"column":29}},"loc":{"start":{"line":22,"column":2},"end":{"line":31,"column":1}},"line":22},"1":{"name":"Text","decl":{"start":{"line":33,"column":16},"end":{"line":33,"column":20}},"loc":{"start":{"line":33,"column":39},"end":{"line":38,"column":1}},"line":33},"2":{"name":"View","decl":{"start":{"line":40,"column":16},"end":{"line":40,"column":20}},"loc":{"start":{"line":40,"column":39},"end":{"line":45,"column":1}},"line":40}},"branchMap":{"0":{"loc":{"start":{"line":26,"column":2},"end":{"line":30,"column":3}},"type":"if","locations":[{"start":{"line":26,"column":2},"end":{"line":30,"column":3}},{"start":{"line":28,"column":9},"end":{"line":30,"column":3}}],"line":26}},"s":{"0":0,"1":0,"2":0,"3":0,"4":0,"5":0,"6":0,"7":0,"8":0,"9":0,"10":0},"f":{"0":0,"1":0,"2":0},"b":{"0":[0,0]}}
,"D:\\gloom\\StyleAI\\components\\useClientOnlyValue.ts": {"path":"D:\\gloom\\StyleAI\\components\\useClientOnlyValue.ts","statementMap":{"0":{"start":{"line":3,"column":2},"end":{"line":3,"column":16}}},"fnMap":{"0":{"name":"useClientOnlyValue","decl":{"start":{"line":2,"column":16},"end":{"line":2,"column":34}},"loc":{"start":{"line":2,"column":70},"end":{"line":4,"column":1}},"line":2}},"branchMap":{},"s":{"0":0},"f":{"0":0},"b":{}}
,"D:\\gloom\\StyleAI\\components\\useClientOnlyValue.web.ts": {"path":"D:\\gloom\\StyleAI\\components\\useClientOnlyValue.web.ts","statementMap":{"0":{"start":{"line":6,"column":28},"end":{"line":6,"column":57}},"1":{"start":{"line":7,"column":2},"end":{"line":9,"column":15}},"2":{"start":{"line":8,"column":4},"end":{"line":8,"column":21}},"3":{"start":{"line":11,"column":2},"end":{"line":11,"column":15}}},"fnMap":{"0":{"name":"useClientOnlyValue","decl":{"start":{"line":5,"column":16},"end":{"line":5,"column":34}},"loc":{"start":{"line":5,"column":70},"end":{"line":12,"column":1}},"line":5},"1":{"name":"(anonymous_1)","decl":{"start":{"line":7,"column":18},"end":{"line":7,"column":19}},"loc":{"start":{"line":7,"column":24},"end":{"line":9,"column":3}},"line":7}},"branchMap":{},"s":{"0":0,"1":0,"2":0,"3":0},"f":{"0":0,"1":0},"b":{}}
,"D:\\gloom\\StyleAI\\components\\useColorScheme.ts": {"path":"D:\\gloom\\StyleAI\\components\\useColorScheme.ts","statementMap":{"0":{"start":{"line":3,"column":30},"end":{"line":6,"column":1}},"1":{"start":{"line":4,"column":21},"end":{"line":4,"column":41}},"2":{"start":{"line":5,"column":2},"end":{"line":5,"column":61}}},"fnMap":{"0":{"name":"(anonymous_0)","decl":{"start":{"line":3,"column":30},"end":{"line":3,"column":31}},"loc":{"start":{"line":3,"column":36},"end":{"line":6,"column":1}},"line":3}},"branchMap":{"0":{"loc":{"start":{"line":5,"column":9},"end":{"line":5,"column":60}},"type":"cond-expr","locations":[{"start":{"line":5,"column":40},"end":{"line":5,"column":47}},{"start":{"line":5,"column":50},"end":{"line":5,"column":60}}],"line":5}},"s":{"0":0,"1":0,"2":0},"f":{"0":0},"b":{"0":[0,0]}}
,"D:\\gloom\\StyleAI\\components\\useColorScheme.web.ts": {"path":"D:\\gloom\\StyleAI\\components\\useColorScheme.web.ts","statementMap":{"0":{"start":{"line":7,"column":2},"end":{"line":7,"column":17}}},"fnMap":{"0":{"name":"useColorScheme","decl":{"start":{"line":6,"column":16},"end":{"line":6,"column":30}},"loc":{"start":{"line":6,"column":33},"end":{"line":8,"column":1}},"line":6}},"branchMap":{},"s":{"0":0},"f":{"0":0},"b":{}}
,"D:\\gloom\\StyleAI\\components\\inspo\\InspoCard.tsx": {"path":"D:\\gloom\\StyleAI\\components\\inspo\\InspoCard.tsx","statementMap":{"0":{"start":{"line":11,"column":22},"end":{"line":14,"column":3}},"1":{"start":{"line":13,"column":4},"end":{"line":13,"column":44}},"2":{"start":{"line":16,"column":2},"end":{"line":39,"column":4}}},"fnMap":{"0":{"name":"InspoCard","decl":{"start":{"line":10,"column":16},"end":{"line":10,"column":25}},"loc":{"start":{"line":10,"column":52},"end":{"line":40,"column":1}},"line":10},"1":{"name":"(anonymous_1)","decl":{"start":{"line":11,"column":22},"end":{"line":11,"column":23}},"loc":{"start":{"line":11,"column":28},"end":{"line":14,"column":3}},"line":11}},"branchMap":{},"s":{"0":0,"1":0,"2":0},"f":{"0":0,"1":0},"b":{}}
,"D:\\gloom\\StyleAI\\components\\outfits\\OccasionBadge.tsx": {"path":"D:\\gloom\\StyleAI\\components\\outfits\\OccasionBadge.tsx","statementMap":{"0":{"start":{"line":10,"column":47},"end":{"line":22,"column":1}},"1":{"start":{"line":25,"column":14},"end":{"line":25,"column":33}},"2":{"start":{"line":26,"column":16},"end":{"line":26,"column":42}},"3":{"start":{"line":28,"column":2},"end":{"line":39,"column":4}}},"fnMap":{"0":{"name":"OccasionBadge","decl":{"start":{"line":24,"column":24},"end":{"line":24,"column":37}},"loc":{"start":{"line":24,"column":76},"end":{"line":40,"column":1}},"line":24}},"branchMap":{"0":{"loc":{"start":{"line":26,"column":16},"end":{"line":26,"column":42}},"type":"binary-expr","locations":[{"start":{"line":26,"column":16},"end":{"line":26,"column":35}},{"start":{"line":26,"column":39},"end":{"line":26,"column":42}}],"line":26}},"s":{"0":0,"1":0,"2":0,"3":0},"f":{"0":0},"b":{"0":[0,0]}}
,"D:\\gloom\\StyleAI\\components\\outfits\\OutfitCard.tsx": {"path":"D:\\gloom\\StyleAI\\components\\outfits\\OutfitCard.tsx","statementMap":{"0":{"start":{"line":37,"column":16},"end":{"line":37,"column":33}},"1":{"start":{"line":39,"column":24},"end":{"line":41,"column":5}},"2":{"start":{"line":39,"column":48},"end":{"line":41,"column":3}},"3":{"start":{"line":43,"column":24},"end":{"line":45,"column":3}},"4":{"start":{"line":44,"column":4},"end":{"line":44,"column":52}},"5":{"start":{"line":46,"column":25},"end":{"line":48,"column":3}},"6":{"start":{"line":47,"column":4},"end":{"line":47,"column":49}},"7":{"start":{"line":51,"column":23},"end":{"line":51,"column":40}},"8":{"start":{"line":53,"column":2},"end":{"line":150,"column":4}},"9":{"start":{"line":140,"column":27},"end":{"line":140,"column":40}}},"fnMap":{"0":{"name":"OutfitCard","decl":{"start":{"line":28,"column":24},"end":{"line":28,"column":34}},"loc":{"start":{"line":36,"column":20},"end":{"line":151,"column":1}},"line":36},"1":{"name":"(anonymous_1)","decl":{"start":{"line":39,"column":41},"end":{"line":39,"column":42}},"loc":{"start":{"line":39,"column":48},"end":{"line":41,"column":3}},"line":39},"2":{"name":"(anonymous_2)","decl":{"start":{"line":43,"column":24},"end":{"line":43,"column":25}},"loc":{"start":{"line":43,"column":30},"end":{"line":45,"column":3}},"line":43},"3":{"name":"(anonymous_3)","decl":{"start":{"line":46,"column":25},"end":{"line":46,"column":26}},"loc":{"start":{"line":46,"column":31},"end":{"line":48,"column":3}},"line":46},"4":{"name":"(anonymous_4)","decl":{"start":{"line":140,"column":21},"end":{"line":140,"column":22}},"loc":{"start":{"line":140,"column":27},"end":{"line":140,"column":40}},"line":140}},"branchMap":{"0":{"loc":{"start":{"line":35,"column":2},"end":{"line":35,"column":11}},"type":"default-arg","locations":[{"start":{"line":35,"column":10},"end":{"line":35,"column":11}}],"line":35},"1":{"loc":{"start":{"line":68,"column":11},"end":{"line":79,"column":11}},"type":"binary-expr","locations":[{"start":{"line":68,"column":11},"end":{"line":68,"column":26}},{"start":{"line":69,"column":12},"end":{"line":78,"column":19}}],"line":68},"2":{"loc":{"start":{"line":80,"column":11},"end":{"line":91,"column":11}},"type":"binary-expr","locations":[{"start":{"line":80,"column":11},"end":{"line":80,"column":26}},{"start":{"line":81,"column":12},"end":{"line":90,"column":19}}],"line":80},"3":{"loc":{"start":{"line":93,"column":11},"end":{"line":118,"column":11}},"type":"binary-expr","locations":[{"start":{"line":93,"column":11},"end":{"line":93,"column":26}},{"start":{"line":94,"column":12},"end":{"line":117,"column":19}}],"line":93},"4":{"loc":{"start":{"line":96,"column":21},"end":{"line":101,"column":35}},"type":"cond-expr","locations":[{"start":{"line":96,"column":45},"end":{"line":101,"column":15}},{"start":{"line":101,"column":18},"end":{"line":101,"column":35}}],"line":96},"5":{"loc":{"start":{"line":125,"column":13},"end":{"line":129,"column":13}},"type":"binary-expr","locations":[{"start":{"line":125,"column":13},"end":{"line":125,"column":34}},{"start":{"line":126,"column":14},"end":{"line":128,"column":21}}],"line":125},"6":{"loc":{"start":{"line":133,"column":19},"end":{"line":138,"column":32}},"type":"cond-expr","locations":[{"start":{"line":133,"column":43},"end":{"line":138,"column":13}},{"start":{"line":138,"column":16},"end":{"line":138,"column":32}}],"line":133}},"s":{"0":0,"1":0,"2":0,"3":0,"4":0,"5":0,"6":0,"7":0,"8":0,"9":0},"f":{"0":0,"1":0,"2":0,"3":0,"4":0},"b":{"0":[0],"1":[0,0],"2":[0,0],"3":[0,0],"4":[0,0],"5":[0,0],"6":[0,0]}}
,"D:\\gloom\\StyleAI\\components\\shared\\BottomTabBar.tsx": {"path":"D:\\gloom\\StyleAI\\components\\shared\\BottomTabBar.tsx","statementMap":{"0":{"start":{"line":14,"column":68},"end":{"line":20,"column":1}},"1":{"start":{"line":25,"column":47},"end":{"line":31,"column":1}},"2":{"start":{"line":38,"column":17},"end":{"line":38,"column":36}},"3":{"start":{"line":39,"column":20},"end":{"line":39,"column":46}},"4":{"start":{"line":41,"column":2},"end":{"line":107,"column":4}},"5":{"start":{"line":51,"column":32},"end":{"line":51,"column":54}},"6":{"start":{"line":52,"column":30},"end":{"line":52,"column":51}},"7":{"start":{"line":53,"column":24},"end":{"line":53,"column":85}},"8":{"start":{"line":55,"column":28},"end":{"line":64,"column":13}},"9":{"start":{"line":56,"column":28},"end":{"line":60,"column":16}},"10":{"start":{"line":61,"column":14},"end":{"line":63,"column":15}},"11":{"start":{"line":62,"column":16},"end":{"line":62,"column":48}},"12":{"start":{"line":66,"column":32},"end":{"line":68,"column":13}},"13":{"start":{"line":67,"column":14},"end":{"line":67,"column":75}},"14":{"start":{"line":70,"column":12},"end":{"line":87,"column":13}},"15":{"start":{"line":72,"column":14},"end":{"line":86,"column":16}},"16":{"start":{"line":89,"column":12},"end":{"line":102,"column":14}},"17":{"start":{"line":110,"column":15},"end":{"line":191,"column":2}}},"fnMap":{"0":{"name":"BottomTabBar","decl":{"start":{"line":33,"column":24},"end":{"line":33,"column":36}},"loc":{"start":{"line":37,"column":22},"end":{"line":108,"column":1}},"line":37},"1":{"name":"(anonymous_1)","decl":{"start":{"line":50,"column":28},"end":{"line":50,"column":29}},"loc":{"start":{"line":50,"column":46},"end":{"line":103,"column":11}},"line":50},"2":{"name":"(anonymous_2)","decl":{"start":{"line":55,"column":28},"end":{"line":55,"column":29}},"loc":{"start":{"line":55,"column":34},"end":{"line":64,"column":13}},"line":55},"3":{"name":"(anonymous_3)","decl":{"start":{"line":66,"column":32},"end":{"line":66,"column":33}},"loc":{"start":{"line":66,"column":38},"end":{"line":68,"column":13}},"line":66}},"branchMap":{"0":{"loc":{"start":{"line":53,"column":24},"end":{"line":53,"column":85}},"type":"binary-expr","locations":[{"start":{"line":53,"column":24},"end":{"line":53,"column":46}},{"start":{"line":53,"column":50},"end":{"line":53,"column":85}}],"line":53},"1":{"loc":{"start":{"line":61,"column":14},"end":{"line":63,"column":15}},"type":"if","locations":[{"start":{"line":61,"column":14},"end":{"line":63,"column":15}},{"start":{},"end":{}}],"line":61},"2":{"loc":{"start":{"line":61,"column":18},"end":{"line":61,"column":55}},"type":"binary-expr","locations":[{"start":{"line":61,"column":18},"end":{"line":61,"column":28}},{"start":{"line":61,"column":32},"end":{"line":61,"column":55}}],"line":61},"3":{"loc":{"start":{"line":70,"column":12},"end":{"line":87,"column":13}},"type":"if","locations":[{"start":{"line":70,"column":12},"end":{"line":87,"column":13}},{"start":{},"end":{}}],"line":70},"4":{"loc":{"start":{"line":80,"column":38},"end":{"line":80,"column":83}},"type":"binary-expr","locations":[{"start":{"line":80,"column":38},"end":{"line":80,"column":70}},{"start":{"line":80,"column":74},"end":{"line":80,"column":83}}],"line":80},"5":{"loc":{"start":{"line":83,"column":51},"end":{"line":83,"column":82}},"type":"binary-expr","locations":[{"start":{"line":83,"column":51},"end":{"line":83,"column":75}},{"start":{"line":83,"column":79},"end":{"line":83,"column":82}}],"line":83},"6":{"loc":{"start":{"line":97,"column":36},"end":{"line":97,"column":81}},"type":"binary-expr","locations":[{"start":{"line":97,"column":36},"end":{"line":97,"column":68}},{"start":{"line":97,"column":72},"end":{"line":97,"column":81}}],"line":97},"7":{"loc":{"start":{"line":100,"column":51},"end":{"line":100,"column":82}},"type":"binary-expr","locations":[{"start":{"line":100,"column":51},"end":{"line":100,"column":75}},{"start":{"line":100,"column":79},"end":{"line":100,"column":82}}],"line":100}},"s":{"0":0,"1":0,"2":0,"3":0,"4":0,"5":0,"6":0,"7":0,"8":0,"9":0,"10":0,"11":0,"12":0,"13":0,"14":0,"15":0,"16":0,"17":0},"f":{"0":0,"1":0,"2":0,"3":0},"b":{"0":[0,0],"1":[0,0],"2":[0,0],"3":[0,0],"4":[0,0],"5":[0,0],"6":[0,0],"7":[0,0]}}
[...]
lumn":1}},"5":{"start":{"line":29,"column":19},"end":{"line":69,"column":5}},"6":{"start":{"line":37,"column":8},"end":{"line":41,"column":10}},"7":{"start":{"line":44,"column":8},"end":{"line":47,"column":10}},"8":{"start":{"line":50,"column":8},"end":{"line":55,"column":10}},"9":{"start":{"line":58,"column":8},"end":{"line":58,"column":26}},"10":{"start":{"line":62,"column":8},"end":{"line":68,"column":10}},"11":{"start":{"line":72,"column":39},"end":{"line":72,"column":51}},"12":{"start":{"line":73,"column":30},"end":{"line":78,"column":7}},"13":{"start":{"line":84,"column":23},"end":{"line":84,"column":64}},"14":{"start":{"line":84,"column":29},"end":{"line":84,"column":64}},"15":{"start":{"line":84,"column":53},"end":{"line":84,"column":63}},"16":{"start":{"line":85,"column":26},"end":{"line":85,"column":70}},"17":{"start":{"line":85,"column":32},"end":{"line":85,"column":70}},"18":{"start":{"line":85,"column":56},"end":{"line":85,"column":69}},"19":{"start":{"line":86,"column":34},"end":{"line":86,"column":86}},"20":{"start":{"line":86,"column":40},"end":{"line":86,"column":86}},"21":{"start":{"line":86,"column":64},"end":{"line":86,"column":85}},"22":{"start":{"line":87,"column":30},"end":{"line":87,"column":78}},"23":{"start":{"line":87,"column":36},"end":{"line":87,"column":78}},"24":{"start":{"line":87,"column":60},"end":{"line":87,"column":77}},"25":{"start":{"line":88,"column":28},"end":{"line":88,"column":74}},"26":{"start":{"line":88,"column":34},"end":{"line":88,"column":74}},"27":{"start":{"line":88,"column":58},"end":{"line":88,"column":73}}},"fnMap":{"0":{"name":"(anonymous_0)","decl":{"start":{"line":22,"column":25},"end":{"line":22,"column":26}},"loc":{"start":{"line":22,"column":64},"end":{"line":25,"column":1}},"line":22},"1":{"name":"(anonymous_1)","decl":{"start":{"line":29,"column":4},"end":{"line":29,"column":5}},"loc":{"start":{"line":29,"column":19},"end":{"line":69,"column":5}},"line":29},"2":{"name":"(anonymous_2)","decl":{"start":{"line":36,"column":15},"end":{"line":36,"column":16}},"loc":{"start":{"line":37,"column":8},"end":{"line":41,"column":10}},"line":37},"3":{"name":"(anonymous_3)","decl":{"start":{"line":43,"column":18},"end":{"line":43,"column":19}},"loc":{"start":{"line":44,"column":8},"end":{"line":47,"column":10}},"line":44},"4":{"name":"(anonymous_4)","decl":{"start":{"line":49,"column":15},"end":{"line":49,"column":16}},"loc":{"start":{"line":50,"column":8},"end":{"line":55,"column":10}},"line":50},"5":{"name":"(anonymous_5)","decl":{"start":{"line":57,"column":18},"end":{"line":57,"column":19}},"loc":{"start":{"line":58,"column":8},"end":{"line":58,"column":26}},"line":58},"6":{"name":"(anonymous_6)","decl":{"start":{"line":61,"column":16},"end":{"line":61,"column":17}},"loc":{"start":{"line":62,"column":8},"end":{"line":68,"column":10}},"line":62},"7":{"name":"(anonymous_7)","decl":{"start":{"line":72,"column":33},"end":{"line":72,"column":34}},"loc":{"start":{"line":72,"column":39},"end":{"line":72,"column":51}},"line":72},"8":{"name":"(anonymous_8)","decl":{"start":{"line":73,"column":18},"end":{"line":73,"column":19}},"loc":{"start":{"line":73,"column":30},"end":{"line":78,"column":7}},"line":73},"9":{"name":"(anonymous_9)","decl":{"start":{"line":84,"column":23},"end":{"line":84,"column":24}},"loc":{"start":{"line":84,"column":29},"end":{"line":84,"column":64}},"line":84},"10":{"name":"(anonymous_10)","decl":{"start":{"line":84,"column":42},"end":{"line":84,"column":43}},"loc":{"start":{"line":84,"column":53},"end":{"line":84,"column":63}},"line":84},"11":{"name":"(anonymous_11)","decl":{"start":{"line":85,"column":26},"end":{"line":85,"column":27}},"loc":{"start":{"line":85,"column":32},"end":{"line":85,"column":70}},"line":85},"12":{"name":"(anonymous_12)","decl":{"start":{"line":85,"column":45},"end":{"line":85,"column":46}},"loc":{"start":{"line":85,"column":56},"end":{"line":85,"column":69}},"line":85},"13":{"name":"(anonymous_13)","decl":{"start":{"line":86,"column":34},"end":{"line":86,"column":35}},"loc":{"start":{"line":86,"column":40},"end":{"line":86,"column":86}},"line":86},"14":{"name":"(anonymous_14)","decl":{"start":{"line":86,"column":53},"end":{"line":86,"column":54}},"loc":{"start":{"line":86,"column":64},"end":{"line":86,"column":85}},"line":86},"15":{"name":"(anonymous_15)","decl":{"start":{"line":87,"column":30},"end":{"line":87,"column":31}},"loc":{"start":{"line":87,"column":36},"end":{"line":87,"column":78}},"line":87},"16":{"name":"(anonymous_16)","decl":{"start":{"line":87,"column":49},"end":{"line":87,"column":50}},"loc":{"start":{"line":87,"column":60},"end":{"line":87,"column":77}},"line":87},"17":{"name":"(anonymous_17)","decl":{"start":{"line":88,"column":28},"end":{"line":88,"column":29}},"loc":{"start":{"line":88,"column":34},"end":{"line":88,"column":74}},"line":88},"18":{"name":"(anonymous_18)","decl":{"start":{"line":88,"column":47},"end":{"line":88,"column":48}},"loc":{"start":{"line":88,"column":58},"end":{"line":88,"column":73}},"line":88}},"branchMap":{"0":{"loc":{"start":{"line":23,"column":2},"end":{"line":23,"column":26}},"type":"if","locations":[{"start":{"line":23,"column":2},"end":{"line":23,"column":26}},{"start":{},"end":{}}],"line":23},"1":{"loc":{"start":{"line":24,"column":12},"end":{"line":24,"column":102}},"type":"binary-expr","locations":[{"start":{"line":24,"column":12},"end":{"line":24,"column":21}},{"start":{"line":24,"column":25},"end":{"line":24,"column":53}},{"start":{"line":24,"column":57},"end":{"line":24,"column":72}},{"start":{"line":24,"column":76},"end":{"line":24,"column":102}}],"line":24}},"s":{"0":2,"1":7,"2":0,"3":7,"4":2,"5":2,"6":7,"7":4,"8":6,"9":4,"10":5,"11":2,"12":26,"13":2,"14":0,"15":0,"16":2,"17":0,"18":0,"19":2,"20":0,"21":0,"22":2,"23":0,"24":0,"25":2,"26":0,"27":0},"f":{"0":7,"1":2,"2":7,"3":4,"4":6,"5":4,"6":5,"7":2,"8":26,"9":0,"10":0,"11":0,"12":0,"13":0,"14":0,"15":0,"16":0,"17":0,"18":0},"b":{"0":[0,7],"1":[7,6,6,5]},"_coverageSchema":"1a1c01bbd47fc00a2c39e90264f33305004495a9","hash":"5937ed9635b60a84e59f92efc365032636302b26"}
,"D:\\gloom\\StyleAI\\lib\\store\\outfit.store.ts": {"path":"D:\\gloom\\StyleAI\\lib\\store\\outfit.store.ts","statementMap":{"0":{"start":{"line":19,"column":30},"end":{"line":61,"column":3}},"1":{"start":{"line":19,"column":60},"end":{"line":61,"column":1}},"2":{"start":{"line":24,"column":27},"end":{"line":24,"column":43}},"3":{"start":{"line":27,"column":4},"end":{"line":29,"column":7}},"4":{"start":{"line":27,"column":20},"end":{"line":29,"column":5}},"5":{"start":{"line":31,"column":35},"end":{"line":31,"column":56}},"6":{"start":{"line":33,"column":23},"end":{"line":33,"column":37}},"7":{"start":{"line":36,"column":4},"end":{"line":36,"column":45}},"8":{"start":{"line":37,"column":4},"end":{"line":52,"column":5}},"9":{"start":{"line":38,"column":30},"end":{"line":42,"column":50}},"10":{"start":{"line":44,"column":6},"end":{"line":44,"column":29}},"11":{"start":{"line":44,"column":17},"end":{"line":44,"column":29}},"12":{"start":{"line":46,"column":6},"end":{"line":46,"column":56}},"13":{"start":{"line":48,"column":6},"end":{"line":51,"column":9}},"14":{"start":{"line":56,"column":4},"end":{"line":56,"column":45}},"15":{"start":{"line":59,"column":4},"end":{"line":59,"column":33}},"16":{"start":{"line":64,"column":26},"end":{"line":64,"column":72}},"17":{"start":{"line":64,"column":32},"end":{"line":64,"column":72}},"18":{"start":{"line":64,"column":58},"end":{"line":64,"column":71}},"19":{"start":{"line":65,"column":35},"end":{"line":65,"column":86}},"20":{"start":{"line":65,"column":41},"end":{"line":65,"column":86}},"21":{"start":{"line":65,"column":67},"end":{"line":65,"column":85}},"22":{"start":{"line":66,"column":30},"end":{"line":66,"column":74}},"23":{"start":{"line":66,"column":36},"end":{"line":66,"column":74}},"24":{"start":{"line":66,"column":62},"end":{"line":66,"column":73}}},"fnMap":{"0":{"name":"(anonymous_0)","decl":{"start":{"line":19,"column":50},"end":{"line":19,"column":51}},"loc":{"start":{"line":19,"column":60},"end":{"line":61,"column":1}},"line":19},"1":{"name":"(anonymous_1)","decl":{"start":{"line":24,"column":14},"end":{"line":24,"column":15}},"loc":{"start":{"line":24,"column":27},"end":{"line":24,"column":43}},"line":24},"2":{"name":"(anonymous_2)","decl":{"start":{"line":26,"column":13},"end":{"line":26,"column":14}},"loc":{"start":{"line":27,"column":4},"end":{"line":29,"column":7}},"line":27},"3":{"name":"(anonymous_3)","decl":{"start":{"line":27,"column":8},"end":{"line":27,"column":9}},"loc":{"start":{"line":27,"column":20},"end":{"line":29,"column":5}},"line":27},"4":{"name":"(anonymous_4)","decl":{"start":{"line":31,"column":17},"end":{"line":31,"column":18}},"loc":{"start":{"line":31,"column":35},"end":{"line":31,"column":56}},"line":31},"5":{"name":"(anonymous_5)","decl":{"start":{"line":33,"column":12},"end":{"line":33,"column":13}},"loc":{"start":{"line":33,"column":23},"end":{"line":33,"column":37}},"line":33},"6":{"name":"(anonymous_6)","decl":{"start":{"line":35,"column":16},"end":{"line":35,"column":17}},"loc":{"start":{"line":35,"column":42},"end":{"line":53,"column":3}},"line":35},"7":{"name":"(anonymous_7)","decl":{"start":{"line":55,"column":19},"end":{"line":55,"column":20}},"loc":{"start":{"line":55,"column":73},"end":{"line":60,"column":3}},"line":55},"8":{"name":"(anonymous_8)","decl":{"start":{"line":64,"column":26},"end":{"line":64,"column":27}},"loc":{"start":{"line":64,"column":32},"end":{"line":64,"column":72}},"line":64},"9":{"name":"(anonymous_9)","decl":{"start":{"line":64,"column":47},"end":{"line":64,"column":48}},"loc":{"start":{"line":64,"column":58},"end":{"line":64,"column":71}},"line":64},"10":{"name":"(anonymous_10)","decl":{"start":{"line":65,"column":35},"end":{"line":65,"column":36}},"loc":{"start":{"line":65,"column":41},"end":{"line":65,"column":86}},"line":65},"11":{"name":"(anonymous_11)","decl":{"start":{"line":65,"column":56},"end":{"line":65,"column":57}},"loc":{"start":{"line":65,"column":67},"end":{"line":65,"column":85}},"line":65},"12":{"name":"(anonymous_12)","decl":{"start":{"line":66,"column":30},"end":{"line":66,"column":31}},"loc":{"start":{"line":66,"column":36},"end":{"line":66,"column":74}},"line":66},"13":{"name":"(anonymous_13)","decl":{"start":{"line":66,"column":51},"end":{"line":66,"column":52}},"loc":{"start":{"line":66,"column":62},"end":{"line":66,"column":73}},"line":66}},"branchMap":{"0":{"loc":{"start":{"line":44,"column":6},"end":{"line":44,"column":29}},"type":"if","locations":[{"start":{"line":44,"column":6},"end":{"line":44,"column":29}},{"start":{},"end":{}}],"line":44},"1":{"loc":{"start":{"line":46,"column":21},"end":{"line":46,"column":31}},"type":"binary-expr","locations":[{"start":{"line":46,"column":21},"end":{"line":46,"column":25}},{"start":{"line":46,"column":29},"end":{"line":46,"column":31}}],"line":46},"2":{"loc":{"start":{"line":49,"column":15},"end":{"line":49,"column":81}},"type":"cond-expr","locations":[{"start":{"line":49,"column":40},"end":{"line":49,"column":53}},{"start":{"line":49,"column":56},"end":{"line":49,"column":81}}],"line":49}},"s":{"0":1,"1":1,"2":1,"3":0,"4":0,"5":1,"6":3,"7":0,"8":0,"9":0,"10":0,"11":0,"12":0,"13":0,"14":0,"15":0,"16":1,"17":0,"18":0,"19":1,"20":0,"21":0,"22":1,"23":0,"24":0},"f":{"0":1,"1":1,"2":0,"3":0,"4":1,"5":3,"6":0,"7":0,"8":0,"9":0,"10":0,"11":0,"12":0,"13":0},"b":{"0":[0,0],"1":[0,0],"2":[0,0]},"_coverageSchema":"1a1c01bbd47fc00a2c39e90264f33305004495a9","hash":"6aaa35660ca14eeb445512358055fbef44d1139c"}
,"D:\\gloom\\StyleAI\\lib\\store\\wardrobe.store.ts": {"path":"D:\\gloom\\StyleAI\\lib\\store\\wardrobe.store.ts","statementMap":{"0":{"start":{"line":21,"column":32},"end":{"line":64,"column":3}},"1":{"start":{"line":21,"column":69},"end":{"line":64,"column":1}},"2":{"start":{"line":27,"column":23},"end":{"line":27,"column":37}},"3":{"start":{"line":30,"column":4},"end":{"line":32,"column":7}},"4":{"start":{"line":30,"column":20},"end":{"line":32,"column":5}},"5":{"start":{"line":35,"column":4},"end":{"line":37,"column":7}},"6":{"start":{"line":35,"column":20},"end":{"line":37,"column":5}},"7":{"start":{"line":36,"column":42},"end":{"line":36,"column":56}},"8":{"start":{"line":39,"column":37},"end":{"line":39,"column":62}},"9":{"start":{"line":41,"column":29},"end":{"line":41,"column":47}},"10":{"start":{"line":43,"column":23},"end":{"line":43,"column":37}},"11":{"start":{"line":46,"column":4},"end":{"line":46,"column":42}},"12":{"start":{"line":47,"column":4},"end":{"line":62,"column":5}},"13":{"start":{"line":48,"column":30},"end":{"line":52,"column":50}},"14":{"start":{"line":54,"column":6},"end":{"line":54,"column":29}},"15":{"start":{"line":54,"column":17},"end":{"line":54,"column":29}},"16":{"start":{"line":56,"column":6},"end":{"line":56,"column":51}},"17":{"start":{"line":58,"column":6},"end":{"line":61,"column":9}},"18":{"start":{"line":67,"column":32},"end":{"line":67,"column":78}},"19":{"start":{"line":67,"column":38},"end":{"line":67,"column":78}},"20":{"start":{"line":67,"column":66},"end":{"line":67,"column":77}},"21":{"start":{"line":68,"column":35},"end":{"line":68,"column":92}},"22":{"start":{"line":68,"column":41},"end":{"line":68,"column":92}},"23":{"start":{"line":68,"column":69},"end":{"line":68,"column":91}},"24":{"start":{"line":69,"column":34},"end":{"line":69,"column":84}},"25":{"start":{"line":69,"column":40},"end":{"line":69,"column":84}},"26":{"start":{"line":69,"column":68},"end":{"line":69,"column":83}},"27":{"start":{"line":70,"column":32},"end":{"line":70,"column":78}},"28":{"start":{"line":70,"column":38},"end":{"line":70,"column":78}},"29":{"start":{"line":70,"column":66},"end":{"line":70,"column":77}},"30":{"start":{"line":72,"column":32},"end":{"line":78,"column":1}},"31":{"start":{"line":73,"column":16},"end":{"line":73,"column":56}},"32":{"start":{"line":73,"column":44},"end":{"line":73,"column":55}},"33":{"start":{"line":74,"column":27},"end":{"line":74,"column":78}},"34":{"start":{"line":74,"column":55},"end":{"line":74,"column":77}},"35":{"start":{"line":76,"column":2},"end":{"line":76,"column":47}},"36":{"start":{"line":76,"column":34},"end":{"line":76,"column":47}},"37":{"start":{"line":77,"column":2},"end":{"line":77,"column":68}},"38":{"start":{"line":77,"column":32},"end":{"line":77,"column":66}}},"fnMap":{"0":{"name":"(anonymous_0)","decl":{"start":{"line":21,"column":54},"end":{"line":21,"column":55}},"loc":{"start":{"line":21,"column":69},"end":{"line":64,"column":1}},"line":21},"1":{"name":"(anonymous_1)","decl":{"start":{"line":27,"column":12},"end":{"line":27,"column":13}},"loc":{"start":{"line":27,"column":23},"end":{"line":27,"column":37}},"line":27},"2":{"name":"(anonymous_2)","decl":{"start":{"line":29,"column":11},"end":{"line":29,"column":12}},"loc":{"start":{"line":30,"column":4},"end":{"line":32,"column":7}},"line":30},"3":{"name":"(anonymous_3)","decl":{"start":{"line":30,"column":8},"end":{"line":30,"column":9}},"loc":{"start":{"line":30,"column":20},"end":{"line":32,"column":5}},"line":30},"4":{"name":"(anonymous_4)","decl":{"start":{"line":34,"column":14},"end":{"line":34,"column":15}},"loc":{"start":{"line":35,"column":4},"end":{"line":37,"column":7}},"line":35},"5":{"name":"(anonymous_5)","decl":{"start":{"line":35,"column":8},"end":{"line":35,"column":9}},"loc":{"start":{"line":35,"column":20},"end":{"line":37,"column":5}},"line":35},"6":{"name":"(anonymous_6)","decl":{"start":{"line":36,"column":32},"end":{"line":36,"column":33}},"loc":{"start":{"line":36,"column":42},"end":{"line":36,"column":56}},"line":36},"7":{"name":"(anonymous_7)","decl":{"start":{"line":39,"column":15},"end":{"line":39,"column":16}},"loc":{"start":{"line":39,"column":37},"end":{"line":39,"column":62}},"line":39},"8":{"name":"(anonymous_8)","decl":{"start":{"line":41,"column":14},"end":{"line":41,"column":15}},"loc":{"start":{"line":41,"column":29},"end":{"line":41,"column":47}},"line":41},"9":{"name":"(anonymous_9)","decl":{"start":{"line":43,"column":12},"end":{"line":43,"column":13}},"loc":{"start":{"line":43,"column":23},"end":{"line":43,"column":37}},"line":43},"10":{"name":"(anonymous_10)","decl":{"start":{"line":45,"column":14},"end":{"line":45,"column":15}},"loc":{"start":{"line":45,"column":40},"end":{"line":63,"column":3}},"line":45},"11":{"name":"(anonymous_11)","decl":{"start":{"line":67,"column":32},"end":{"line":67,"column":33}},"loc":{"start":{"line":67,"column":38},"end":{"line":67,"column":78}},"line":67},"12":{"name":"(anonymous_12)","decl":{"start":{"line":67,"column":55},"end":{"line":67,"column":56}},"loc":{"start":{"line":67,"column":66},"end":{"line":67,"column":77}},"line":67},"13":{"name":"(anonymous_13)","decl":{"start":{"line":68,"column":35},"end":{"line":68,"column":36}},"loc":{"start":{"line":68,"column":41},"end":{"line":68,"column":92}},"line":68},"14":{"name":"(anonymous_14)","decl":{"start":{"line":68,"column":58},"end":{"line":68,"column":59}},"loc":{"start":{"line":68,"column":69},"end":{"line":68,"column":91}},"line":68},"15":{"name":"(anonymous_15)","decl":{"start":{"line":69,"column":34},"end":{"line":69,"column":35}},"loc":{"start":{"line":69,"column":40},"end":{"line":69,"column":84}},"line":69},"16":{"name":"(anonymous_16)","decl":{"start":{"line":69,"column":57},"end":{"line":69,"column":58}},"loc":{"start":{"line":69,"column":68},"end":{"line":69,"column":83}},"line":69},"17":{"name":"(anonymous_17)","decl":{"start":{"line":70,"column":32},"end":{"line":70,"column":33}},"loc":{"start":{"line":70,"column":38},"end":{"line":70,"column":78}},"line":70},"18":{"name":"(anonymous_18)","decl":{"start":{"line":70,"column":55},"end":{"line":70,"column":56}},"loc":{"start":{"line":70,"column":66},"end":{"line":70,"column":77}},"line":70},"19":{"name":"(anonymous_19)","decl":{"start":{"line":72,"column":32},"end":{"line":72,"column":33}},"loc":{"start":{"line":72,"column":38},"end":{"line":78,"column":1}},"line":72},"20":{"name":"(anonymous_20)","decl":{"start":{"line":73,"column":33},"end":{"line":73,"column":34}},"loc":{"start":{"line":73,"column":44},"end":{"line":73,"column":55}},"line":73},"21":{"name":"(anonymous_21)","decl":{"start":{"line":74,"column":44},"end":{"line":74,"column":45}},"loc":{"start":{"line":74,"column":55},"end":{"line":74,"column":77}},"line":74},"22":{"name":"(anonymous_22)","decl":{"start":{"line":77,"column":22},"end":{"line":77,"column":23}},"loc":{"start":{"line":77,"column":32},"end":{"line":77,"column":66}},"line":77}},"branchMap":{"0":{"loc":{"start":{"line":54,"column":6},"end":{"line":54,"column":29}},"type":"if","locations":[{"start":{"line":54,"column":6},"end":{"line":54,"column":29}},{"start":{},"end":{}}],"line":54},"1":{"loc":{"start":{"line":56,"column":19},"end":{"line":56,"column":29}},"type":"binary-expr","locations":[{"start":{"line":56,"column":19},"end":{"line":56,"column":23}},{"start":{"line":56,"column":27},"end":{"line":56,"column":29}}],"line":56},"2":{"loc":{"start":{"line":59,"column":15},"end":{"line":59,"column":79}},"type":"cond-expr","locations":[{"start":{"line":59,"column":40},"end":{"line":59,"column":53}},{"start":{"line":59,"column":56},"end":{"line":59,"column":79}}],"line":59},"3":{"loc":{"start":{"line":76,"column":2},"end":{"line":76,"column":47}},"type":"if","locations":[{"start":{"line":76,"column":2},"end":{"line":76,"column":47}},{"start":{},"end":{}}],"line":76}},"s":{"0":1,"1":1,"2":0,"3":2,"4":2,"5":1,"6":1,"7":1,"8":1,"9":0,"10":0,"11":0,"12":0,"13":0,"14":0,"15":0,"16":0,"17":0,"18":1,"19":0,"20":0,"21":1,"22":0,"23":0,"24":1,"25":0,"26":0,"27":1,"28":0,"29":0,"30":1,"31":0,"32":0,"33":0,"34":0,"35":0,"36":0,"37":0,"38":0},"f":{"0":1,"1":0,"2":2,"3":2,"4":1,"5":1,"6":1,"7":1,"8":0,"9":0,"10":0,"11":0,"12":0,"13":0,"14":0,"15":0,"16":0,"17":0,"18":0,"19":0,"20":0,"21":0,"22":0},"b":{"0":[0,0],"1":[0,0],"2":[0,0],"3":[0,0]},"_coverageSchema":"1a1c01bbd47fc00a2c39e90264f33305004495a9","hash":"1a504cd09f9c6cca3475c4d344fac1f01ee6a6ea"}
}
